2026-05-09 12:07:10.697 [info] Configuration changed
2026-05-09 12:07:10.898 [info] Configuration changed
2026-05-09 12:07:10.904 [info] Configuration changed
2026-05-09 12:07:11.198 [info] Active editor: file:///c%3A/Users/ao/Desktop/monokon_vscode/monokon/VSCode-win32-x64-1.118.1/data/user-data/User/snippets/cpp.json
2026-05-09 12:07:12.147 [info] Configuration changed
2026-05-09 12:07:12.159 [info] Configuration changed
2026-05-09 12:07:12.287 [info] c:\Users\ao\Desktop\monokon_vscode\monokon\VSCode-win32-x64-1.118.1\data\user-data\User\snippets\cpp.json closed
2026-05-09 12:07:12.316 [info] Active editor: file:///c%3A/Users/ao/Desktop/monokon_vscode/monokon/VSCode-win32-x64-1.118.1/data/user-data/User/snippets/cpp.json
2026-05-09 12:07:13.141 [info] Configuration changed
2026-05-09 12:07:26.385 [info] c:\Users\ao\Desktop\monokon_vscode\monokon\VSCode-win32-x64-1.118.1\data\user-data\User\snippets\cpp.json.git closed
2026-05-09 12:07:26.415 [info] Active editor: file:///c%3A/Users/ao/Desktop/monokon_vscode/monokon/vscode/arr.ps1
2026-05-09 12:09:05.254 [info] Active editor: file:///c%3A/Users/ao/Desktop/monokon_vscode/monokon/vscode/data/user-data/User/settings.json
2026-05-09 12:10:32.249 [info] Configuration changed
2026-05-09 12:10:32.338 [info] Configuration changed
2026-05-09 12:10:34.320 [info] Configuration changed
2026-05-09 12:10:37.336 [info] Configuration changed
2026-05-09 12:10:37.410 [info] Configuration changed
2026-05-09 12:11:16.274 [info] Configuration changed
2026-05-09 12:11:16.413 [info] Configuration changed
2026-05-09 12:11:27.752 [info] Configuration changed
2026-05-09 12:11:27.825 [info] Configuration changed
2026-05-09 12:11:29.828 [info] Configuration changed
