2026-05-09 12:22:06.044 [info] Configuration changed
2026-05-09 12:23:05.511 [info] Configuration changed
2026-05-09 12:23:05.527 [info] Configuration changed
2026-05-09 12:24:10.345 [info] Configuration changed
2026-05-09 12:24:10.426 [info] Configuration changed
2026-05-09 12:24:16.782 [info] c:\Users\ao\AppData\Local\Arduino15\packages\arduino\hardware\avr\1.8.7\cores\arduino\wiring_digital.c closed
2026-05-09 12:24:16.902 [info] c:\Users\ao\AppData\Local\Arduino15\packages\arduino\hardware\avr\1.8.7\cores\arduino\wiring_digital.c closed
2026-05-09 12:25:04.563 [info] c:\Users\ao\Desktop\monokon\.vscode\c_cpp_properties.json closed
2026-05-09 12:28:00.958 [info] c:\Users\ao\Desktop\monokon\myprac\ai\1\kadai2b\kadai2b.ino.git closed
2026-05-09 12:28:00.978 [info] Active editor: file:///c%3A/Users/ao/Desktop/monokon/myprac/ai/1/kadai5/kadai5.ino
2026-05-09 12:28:03.095 [info] Active editor: file:///c%3A/Users/ao/Desktop/monokon/myprac/ai/1/kadai2b/kadai2b.ino
2026-05-09 12:28:04.773 [info] c:\Users\ao\Desktop\monokon\myprac\ai\1\kadai2b\kadai2b.ino.git closed
2026-05-09 12:28:04.785 [info] Active editor: file:///c%3A/Users/ao/Desktop/monokon/myprac/ai/1/kadai3a/kadai3a.ino
2026-05-09 12:28:14.302 [info] c:\Users\ao\Desktop\monokon\myprac\ai\1\kadai3a\kadai3a.ino.git closed
2026-05-09 12:28:14.307 [info] Active editor: file:///c%3A/Users/ao/Desktop/monokon/myprac/ai/1/kadai2b/kadai2b.ino
2026-05-09 12:28:21.330 [info] c:\Users\ao\Desktop\monokon\myprac\ai\1\kadai2b\kadai2b.ino closed
2026-05-09 12:28:21.331 [info] c:\Users\ao\Desktop\monokon\myprac\ai\1\kadai2b\kadai2b.ino.git closed
2026-05-09 12:28:21.335 [info] Active editor: file:///c%3A/Users/ao/Desktop/monokon/myprac/ai/1/kadai3a/kadai3a.ino
2026-05-09 12:28:21.840 [info] c:\Users\ao\Desktop\monokon\myprac\ai\1\kadai3a\kadai3a.ino closed
2026-05-09 12:28:21.841 [info] c:\Users\ao\Desktop\monokon\myprac\ai\1\kadai3a\kadai3a.ino.git closed
2026-05-09 12:28:21.845 [info] Active editor: file:///c%3A/Users/ao/Desktop/monokon/myprac/ai/1/kadai5/kadai5.ino
