2026-05-04 17:36:55.276 [info] [main] ログ レベル: Info
2026-05-04 17:36:55.276 [info] [main] Git の検証が検出されました: "C:\Program Files\Git\cmd\git.exe"
2026-05-04 17:36:55.306 [info] [main] "C:\Program Files\Git\cmd\git.exe" から Git "2.53.0.windows.2" を使用しています
2026-05-04 17:36:55.306 [info] [Model][doInitialScan] Initial repository scan started
2026-05-04 17:36:55.466 [info] > git rev-parse --show-toplevel [152ms]
2026-05-04 17:36:55.466 [info] fatal: not a git repository (or any of the parent directories): .git
2026-05-04 17:36:55.568 [info] > git rev-parse --show-toplevel [74ms]
2026-05-04 17:36:55.568 [info] fatal: not a git repository (or any of the parent directories): .git
2026-05-04 17:36:55.623 [info] > git rev-parse --show-toplevel [50ms]
2026-05-04 17:36:55.623 [info] fatal: not a git repository (or any of the parent directories): .git
2026-05-04 17:36:55.821 [info] > git rev-parse --show-toplevel [194ms]
2026-05-04 17:36:55.821 [info] fatal: not a git repository (or any of the parent directories): .git
2026-05-04 17:36:55.879 [info] > git rev-parse --show-toplevel [41ms]
2026-05-04 17:36:55.880 [info] fatal: not a git repository (or any of the parent directories): .git
2026-05-04 17:36:55.925 [info] > git rev-parse --show-toplevel [42ms]
2026-05-04 17:36:55.925 [info] fatal: not a git repository (or any of the parent directories): .git
2026-05-04 17:36:55.926 [info] [Model][doInitialScan] Initial repository scan completed - repositories (0), closed repositories (0), parent repositories (0), unsafe repositories (0)
2026-05-04 17:36:56.230 [info] > git rev-parse --show-toplevel [42ms]
2026-05-04 17:36:56.231 [info] fatal: not a git repository (or any of the parent directories): .git
2026-05-04 17:36:56.567 [info] > git rev-parse --show-toplevel [108ms]
2026-05-04 17:36:56.567 [info] fatal: not a git repository (or any of the parent directories): .git
2026-05-04 17:37:07.451 [info] > git rev-parse --show-toplevel [40ms]
2026-05-04 17:37:07.451 [info] fatal: not a git repository (or any of the parent directories): .git
2026-05-04 17:37:08.095 [info] > git rev-parse --show-toplevel [41ms]
2026-05-04 17:37:08.095 [info] fatal: not a git repository (or any of the parent directories): .git
2026-05-04 17:37:08.378 [info] > git rev-parse --show-toplevel [42ms]
2026-05-04 17:37:08.378 [info] fatal: not a git repository (or any of the parent directories): .git
2026-05-04 17:37:08.709 [info] > git rev-parse --show-toplevel [42ms]
2026-05-04 17:37:08.710 [info] fatal: not a git repository (or any of the parent directories): .git
2026-05-04 17:37:14.016 [info] > git rev-parse --show-toplevel [42ms]
2026-05-04 17:37:14.016 [info] fatal: not a git repository (or any of the parent directories): .git
2026-05-04 17:37:15.453 [info] > git rev-parse --show-toplevel [44ms]
2026-05-04 17:37:15.453 [info] fatal: not a git repository (or any of the parent directories): .git
2026-05-04 17:37:15.812 [info] > git rev-parse --show-toplevel [42ms]
2026-05-04 17:37:15.812 [info] fatal: not a git repository (or any of the parent directories): .git
2026-05-04 17:37:17.178 [info] > git rev-parse --show-toplevel [47ms]
2026-05-04 17:37:17.179 [info] fatal: not a git repository (or any of the parent directories): .git
2026-05-04 17:37:19.942 [info] > git rev-parse --show-toplevel [43ms]
2026-05-04 17:37:19.942 [info] fatal: not a git repository (or any of the parent directories): .git
2026-05-04 17:37:39.877 [info] > git rev-parse --show-toplevel [42ms]
2026-05-04 17:37:39.877 [info] fatal: not a git repository (or any of the parent directories): .git
2026-05-04 17:37:48.689 [info] > git rev-parse --show-toplevel [42ms]
2026-05-04 17:37:48.690 [info] fatal: not a git repository (or any of the parent directories): .git
2026-05-04 17:37:53.742 [info] > git rev-parse --show-toplevel [41ms]
2026-05-04 17:37:53.742 [info] fatal: not a git repository (or any of the parent directories): .git
2026-05-04 17:37:59.269 [info] > git rev-parse --show-toplevel [41ms]
2026-05-04 17:37:59.269 [info] fatal: not a git repository (or any of the parent directories): .git
