2026-05-09 12:12:52.584 [info] Configuration changed
2026-05-09 12:12:53.813 [info] Active editor: file:///c%3A/Users/ao/Desktop/monokon/myprac/ai/1/kadai3a/kadai3a.ino
2026-05-09 12:12:55.965 [info] c:\Users\ao\Desktop\monokon\myprac\ai\1\kadai3a\kadai3a.ino.git closed
2026-05-09 12:12:55.981 [info] Active editor: file:///c%3A/Users/ao/Desktop/monokon/myprac/ai/1/kadai2b/kadai2b.ino
2026-05-09 12:12:57.450 [info] c:\Users\ao\AppData\Local\Arduino15\packages\arduino\hardware\avr\1.8.7\cores\arduino\wiring_digital.c closed
2026-05-09 12:12:57.733 [info] c:\Users\ao\AppData\Local\Arduino15\packages\arduino\hardware\avr\1.8.7\cores\arduino\wiring_digital.c closed
2026-05-09 12:12:57.801 [info] Configuration changed
2026-05-09 12:13:22.077 [info] Configuration changed
2026-05-09 12:15:01.517 [info] Configuration changed
2026-05-09 12:15:01.591 [info] Configuration changed
2026-05-09 12:15:08.519 [info] Configuration changed
2026-05-09 12:15:08.598 [info] Configuration changed
2026-05-09 12:15:21.015 [info] Configuration changed
2026-05-09 12:15:21.092 [info] Configuration changed
2026-05-09 12:15:25.132 [info] Configuration changed
2026-05-09 12:15:25.208 [info] Configuration changed
2026-05-09 12:15:51.123 [info] c:\Users\ao\Desktop\monokon\.vscode\c_cpp_properties.json closed
2026-05-09 12:17:42.398 [info] Configuration changed
2026-05-09 12:18:16.308 [info] Configuration changed
2026-05-09 12:18:16.387 [info] Configuration changed
2026-05-09 12:18:18.381 [info] Configuration changed
2026-05-09 12:18:52.913 [info] Configuration changed
2026-05-09 12:18:52.988 [info] Configuration changed
2026-05-09 12:18:54.992 [info] Configuration changed
