2026-05-04 17:45:48.170 [info] [main] ログ レベル: Info
2026-05-04 17:45:48.170 [info] [main] Git の検証が検出されました: "C:\Program Files\Git\cmd\git.exe"
2026-05-04 17:45:48.170 [info] [main] "C:\Program Files\Git\cmd\git.exe" から Git "2.53.0.windows.2" を使用しています
2026-05-04 17:45:48.170 [info] [Model][doInitialScan] Initial repository scan started
2026-05-04 17:45:48.288 [info] > git rev-parse --show-toplevel [139ms]
2026-05-04 17:45:48.288 [info] fatal: not a git repository (or any of the parent directories): .git
2026-05-04 17:45:48.362 [info] > git rev-parse --show-toplevel [60ms]
2026-05-04 17:45:48.362 [info] fatal: not a git repository (or any of the parent directories): .git
2026-05-04 17:45:48.412 [info] > git rev-parse --show-toplevel [41ms]
2026-05-04 17:45:48.412 [info] fatal: not a git repository (or any of the parent directories): .git
2026-05-04 17:45:48.455 [info] > git rev-parse --show-toplevel [39ms]
2026-05-04 17:45:48.455 [info] fatal: not a git repository (or any of the parent directories): .git
2026-05-04 17:45:48.498 [info] > git rev-parse --show-toplevel [39ms]
2026-05-04 17:45:48.499 [info] fatal: not a git repository (or any of the parent directories): .git
2026-05-04 17:45:48.540 [info] > git rev-parse --show-toplevel [38ms]
2026-05-04 17:45:48.540 [info] fatal: not a git repository (or any of the parent directories): .git
2026-05-04 17:45:48.542 [info] [Model][doInitialScan] Initial repository scan completed - repositories (0), closed repositories (0), parent repositories (0), unsafe repositories (0)
2026-05-04 17:45:49.076 [info] > git rev-parse --show-toplevel [42ms]
2026-05-04 17:45:49.077 [info] fatal: not a git repository (or any of the parent directories): .git
2026-05-04 17:45:56.508 [info] > git rev-parse --show-toplevel [37ms]
2026-05-04 17:45:56.509 [info] fatal: not a git repository (or any of the parent directories): .git
2026-05-04 17:45:58.003 [info] > git rev-parse --show-toplevel [154ms]
2026-05-04 17:45:58.003 [info] fatal: not a git repository (or any of the parent directories): .git
2026-05-04 17:45:58.985 [info] > git rev-parse --show-toplevel [47ms]
2026-05-04 17:45:58.985 [info] fatal: not a git repository (or any of the parent directories): .git
2026-05-04 18:04:24.607 [warning] [Model][getRepositoryExact] Failed to get repository realpath for: "c:\Users\ao\Desktop\monokon_release\VSCode-win32-x64-1.118.1\data\daemon\build\_deps\nlohmann_json-src\". Error:Error: ENOENT: no such file or directory, realpath 'c:\Users\ao\Desktop\monokon_release\VSCode-win32-x64-1.118.1\data\daemon\build\_deps\nlohmann_json-src'
2026-05-04 18:04:28.907 [info] > git rev-parse --show-toplevel [46ms]
2026-05-04 18:04:28.979 [info] > git rev-parse --git-dir --git-common-dir --show-superproject-working-tree [67ms]
2026-05-04 18:04:29.009 [info] [Model][openRepository] Opened repository (path): c:\Users\ao\Desktop\monokon_release\VSCode-win32-x64-1.118.1\data\daemon\build\_deps\nlohmann_json-src
2026-05-04 18:04:29.009 [info] [Model][openRepository] Opened repository (real path): c:\Users\ao\Desktop\monokon_release\VSCode-win32-x64-1.118.1\data\daemon\build\_deps\nlohmann_json-src
2026-05-04 18:04:29.009 [info] [Model][openRepository] Opened repository (kind): repository
2026-05-04 18:04:29.069 [info] > git config --get --local core.virtualfilesystem [55ms]
2026-05-04 18:04:29.070 [warning] [Git][config] git config failed: Failed to execute git
2026-05-04 18:04:29.074 [info] > git config --get commit.template [55ms]
2026-05-04 18:04:29.081 [info] > git for-each-ref --format %(refname)%00%(objectname)%00%(*objectname) refs/tags [52ms]
2026-05-04 18:04:29.142 [info] > git for-each-ref --sort -committerdate --format %(refname)%00%(objectname)%00%(*objectname) [51ms]
2026-05-04 18:04:29.237 [info] > git status -z -uall [150ms]
2026-05-04 18:04:29.316 [info] > git config --get commit.template [44ms]
2026-05-04 18:04:29.319 [info] > git for-each-ref --format %(refname)%00%(objectname)%00%(*objectname) refs/tags [43ms]
2026-05-04 18:04:29.422 [info] > git for-each-ref --sort -committerdate --format %(refname)%00%(objectname)%00%(*objectname) [96ms]
2026-05-04 18:04:29.538 [info] > git status -z -uall [214ms]
2026-05-04 18:04:29.597 [info] > git fetch [588ms]
2026-05-04 18:04:29.665 [info] > git for-each-ref --format %(refname)%00%(objectname)%00%(*objectname) refs/tags [61ms]
2026-05-04 18:04:29.666 [info] > git config --get commit.template [65ms]
2026-05-04 18:04:29.718 [info] > git for-each-ref --sort -committerdate --format %(refname)%00%(objectname)%00%(*objectname) [46ms]
2026-05-04 18:04:29.900 [info] > git status -z -uall [231ms]
2026-05-04 18:04:51.971 [info] > git rev-parse --show-toplevel [44ms]
2026-05-04 18:04:51.971 [info] fatal: not a git repository (or any of the parent directories): .git
2026-05-04 18:04:53.309 [info] > git rev-parse --show-toplevel [42ms]
2026-05-04 18:04:53.309 [info] fatal: not a git repository (or any of the parent directories): .git
2026-05-04 18:04:53.919 [info] > git rev-parse --show-toplevel [44ms]
2026-05-04 18:04:53.946 [info] fatal: not a git repository (or any of the parent directories): .git
2026-05-04 18:04:54.369 [info] > git rev-parse --show-toplevel [42ms]
2026-05-04 18:04:54.369 [info] fatal: not a git repository (or any of the parent directories): .git
2026-05-04 18:04:55.883 [info] > git rev-parse --show-toplevel [45ms]
2026-05-04 18:04:55.883 [info] fatal: not a git repository (or any of the parent directories): .git
2026-05-04 18:04:57.011 [info] > git rev-parse --show-toplevel [46ms]
2026-05-04 18:04:57.011 [info] fatal: not a git repository (or any of the parent directories): .git
2026-05-04 18:08:23.216 [info] > git fetch [592ms]
2026-05-04 18:08:23.262 [info] > git config --get commit.template [43ms]
2026-05-04 18:08:23.263 [info] > git for-each-ref --format %(refname)%00%(objectname)%00%(*objectname) refs/tags [41ms]
2026-05-04 18:08:23.310 [info] > git for-each-ref --sort -committerdate --format %(refname)%00%(objectname)%00%(*objectname) [40ms]
2026-05-04 18:08:23.486 [info] > git status -z -uall [220ms]
2026-05-04 18:21:15.108 [info] > git fetch [548ms]
2026-05-04 18:21:15.155 [info] > git config --get commit.template [42ms]
2026-05-04 18:21:15.158 [info] > git for-each-ref --format %(refname)%00%(objectname)%00%(*objectname) refs/tags [43ms]
2026-05-04 18:21:15.209 [info] > git for-each-ref --sort -committerdate --format %(refname)%00%(objectname)%00%(*objectname) [45ms]
2026-05-04 18:21:15.419 [info] > git status -z -uall [258ms]
