2026-05-04 17:27:10.843 [info] Extension host with pid 15752 started
2026-05-04 17:27:10.843 [info] Skipping acquiring lock for c:\Users\ao\Desktop\monokon_release\VSCode-win32-x64-1.118.1\data\user-data\User\workspaceStorage\8aeb0a71e25abdf49b7f326df74826f8.
2026-05-04 17:27:10.903 [info] ExtensionService#_doActivateExtension vscode.github-authentication, startup: false, activationEvent: 'onAuthenticationRequest:github'
2026-05-04 17:27:10.904 [info] ExtensionService#_doActivateExtension vscode.emmet, startup: false, activationEvent: 'onLanguage'
2026-05-04 17:27:11.092 [info] ExtensionService#_doActivateExtension vscode.git-base, startup: true, activationEvent: '*', root cause: vscode.git
2026-05-04 17:27:11.092 [info] ExtensionService#_doActivateExtension oderwat.indent-rainbow, startup: true, activationEvent: '*'
2026-05-04 17:27:11.222 [info] ExtensionService#_doActivateExtension vscode.git, startup: true, activationEvent: '*'
2026-05-04 17:27:11.222 [info] ExtensionService#_doActivateExtension vscode.github, startup: true, activationEvent: '*'
2026-05-04 17:27:11.443 [info] Eager extensions activated
2026-05-04 17:27:11.449 [info] ExtensionService#_doActivateExtension vscode.debug-auto-launch, startup: false, activationEvent: 'onStartupFinished'
2026-05-04 17:27:11.450 [info] ExtensionService#_doActivateExtension vscode.merge-conflict, startup: false, activationEvent: 'onStartupFinished'
2026-05-04 17:27:11.450 [info] ExtensionService#_doActivateExtension vscode-icons-team.vscode-icons, startup: false, activationEvent: 'onStartupFinished'
2026-05-04 17:27:11.474 [info] ExtensionService#_doActivateExtension vscodevim.vim, startup: false, activationEvent: 'onStartupFinished'
2026-05-04 17:27:12.582 [error] Error: ENOENT: no such file or directory, open 'c:\Users\ao\Desktop\monokon_release\VSCode-win32-x64-1.118.1\data\user-data\User\globalStorage\vscodevim.vim\.registers'
2026-05-04 17:28:43.083 [info] ExtensionService#_doActivateExtension ms-vscode.cpptools, startup: false, activationEvent: 'onLanguage:c'
2026-05-04 17:29:22.304 [info] ExtensionService#_doActivateExtension vscode.configuration-editing, startup: false, activationEvent: 'onLanguage:jsonc'
2026-05-04 17:29:22.304 [info] ExtensionService#_doActivateExtension vscode.json-language-features, startup: false, activationEvent: 'onLanguage:jsonc'
2026-05-04 17:29:22.305 [info] ExtensionService#_doActivateExtension vscode.typescript-language-features, startup: false, activationEvent: 'onLanguage:jsonc'
2026-05-04 17:29:35.161 [warning] [Decorations] CAPPING events from decorations provider vscode.git 688
2026-05-04 17:29:35.482 [warning] [Decorations] CAPPING events from decorations provider vscode.git 688
2026-05-04 17:29:35.824 [warning] [Decorations] CAPPING events from decorations provider vscode.git 432
2026-05-04 17:34:51.185 [info] Extension host terminating: received terminate message from renderer
2026-05-04 17:34:51.213 [error] Error: ENOENT: no such file or directory, open 'c:\Users\ao\Desktop\monokon_release\VSCode-win32-x64-1.118.1\data\user-data\User\globalStorage\vscodevim.vim\.registers'
2026-05-04 17:34:51.226 [error] Error: Channel has been closed
	at r (file:///c:/Users/ao/Desktop/monokon_release/VSCode-win32-x64-1.118.1/034f571df5/resources/app/out/vs/workbench/api/node/extensionHostProcess.js:510:3935)
	at Object.info (file:///c:/Users/ao/Desktop/monokon_release/VSCode-win32-x64-1.118.1/034f571df5/resources/app/out/vs/workbench/api/node/extensionHostProcess.js:510:4305)
	at WT.info (c:\Users\ao\Desktop\monokon_release\VSCode-win32-x64-1.118.1\034f571df5\resources\app\extensions\json-language-features\client\dist\node\jsonClientMain.js:14:709)
	at ChildProcess.<anonymous> (c:\Users\ao\Desktop\monokon_release\VSCode-win32-x64-1.118.1\034f571df5\resources\app\extensions\json-language-features\client\dist\node\jsonClientMain.js:19:48759)
	at ChildProcess.emit (node:events:519:28)
	at ChildProcess._handle.onexit (node:internal/child_process:293:12)
2026-05-04 17:34:51.234 [info] Extension host with pid 15752 exiting with code 0
