2026-05-04 17:34:59.300 [info] Extension host with pid 5496 started
2026-05-04 17:34:59.300 [info] Skipping acquiring lock for c:\Users\ao\Desktop\monokon_release\VSCode-win32-x64-1.118.1\data\user-data\User\workspaceStorage\8aeb0a71e25abdf49b7f326df74826f8.
2026-05-04 17:34:59.415 [info] ExtensionService#_doActivateExtension vscode.github-authentication, startup: false, activationEvent: 'onAuthenticationRequest:github'
2026-05-04 17:34:59.416 [info] ExtensionService#_doActivateExtension vscode.emmet, startup: false, activationEvent: 'onLanguage'
2026-05-04 17:34:59.416 [info] ExtensionService#_doActivateExtension ms-vscode.cpptools, startup: false, activationEvent: 'onLanguage:c'
2026-05-04 17:35:00.072 [info] ExtensionService#_doActivateExtension vscode.git-base, startup: true, activationEvent: '*', root cause: vscode.git
2026-05-04 17:35:00.072 [info] ExtensionService#_doActivateExtension oderwat.indent-rainbow, startup: true, activationEvent: '*'
2026-05-04 17:35:00.084 [info] ExtensionService#_doActivateExtension vscode.git, startup: true, activationEvent: '*'
2026-05-04 17:35:00.085 [info] ExtensionService#_doActivateExtension vscode.github, startup: true, activationEvent: '*'
2026-05-04 17:35:00.235 [info] Eager extensions activated
2026-05-04 17:35:00.242 [info] ExtensionService#_doActivateExtension vscode.debug-auto-launch, startup: false, activationEvent: 'onStartupFinished'
2026-05-04 17:35:00.242 [info] ExtensionService#_doActivateExtension vscode.merge-conflict, startup: false, activationEvent: 'onStartupFinished'
2026-05-04 17:35:00.242 [info] ExtensionService#_doActivateExtension vscode-icons-team.vscode-icons, startup: false, activationEvent: 'onStartupFinished'
2026-05-04 17:35:00.265 [info] ExtensionService#_doActivateExtension vscodevim.vim, startup: false, activationEvent: 'onStartupFinished'
2026-05-04 17:35:01.373 [error] Error: ENOENT: no such file or directory, open 'c:\Users\ao\Desktop\monokon_release\VSCode-win32-x64-1.118.1\data\user-data\User\globalStorage\vscodevim.vim\.registers'
2026-05-04 17:35:05.174 [info] ExtensionService#_doActivateExtension vscode.configuration-editing, startup: false, activationEvent: 'onLanguage:jsonc'
2026-05-04 17:35:05.175 [info] ExtensionService#_doActivateExtension vscode.json-language-features, startup: false, activationEvent: 'onLanguage:jsonc'
2026-05-04 17:35:05.175 [info] ExtensionService#_doActivateExtension vscode.typescript-language-features, startup: false, activationEvent: 'onLanguage:jsonc'
2026-05-04 17:36:50.008 [info] Extension host terminating: received terminate message from renderer
2026-05-04 17:36:50.034 [error] Error: ENOENT: no such file or directory, open 'c:\Users\ao\Desktop\monokon_release\VSCode-win32-x64-1.118.1\data\user-data\User\globalStorage\vscodevim.vim\.registers'
2026-05-04 17:36:50.047 [error] Error: Channel has been closed
	at r (file:///c:/Users/ao/Desktop/monokon_release/VSCode-win32-x64-1.118.1/034f571df5/resources/app/out/vs/workbench/api/node/extensionHostProcess.js:510:3935)
	at Object.info (file:///c:/Users/ao/Desktop/monokon_release/VSCode-win32-x64-1.118.1/034f571df5/resources/app/out/vs/workbench/api/node/extensionHostProcess.js:510:4305)
	at WT.info (c:\Users\ao\Desktop\monokon_release\VSCode-win32-x64-1.118.1\034f571df5\resources\app\extensions\json-language-features\client\dist\node\jsonClientMain.js:14:709)
	at ChildProcess.<anonymous> (c:\Users\ao\Desktop\monokon_release\VSCode-win32-x64-1.118.1\034f571df5\resources\app\extensions\json-language-features\client\dist\node\jsonClientMain.js:19:48759)
	at ChildProcess.emit (node:events:519:28)
	at ChildProcess._handle.onexit (node:internal/child_process:293:12)
2026-05-04 17:36:50.048 [info] Extension host with pid 5496 exiting with code 0
