2026-05-09 12:07:10.398 [info] [main] ログ レベル: Info
2026-05-09 12:07:10.398 [info] [main] Git の検証が検出されました: "C:\Program Files\Git\cmd\git.exe"
2026-05-09 12:07:10.445 [info] [main] "C:\Program Files\Git\cmd\git.exe" から Git "2.53.0.windows.2" を使用しています
2026-05-09 12:07:10.445 [info] [Model][doInitialScan] Initial repository scan started
2026-05-09 12:07:10.496 [info] > git rev-parse --show-toplevel [43ms]
2026-05-09 12:07:10.727 [info] > git rev-parse --git-dir --git-common-dir --show-superproject-working-tree [87ms]
2026-05-09 12:07:10.775 [info] [Model][openRepository] Opened repository (path): c:\Users\ao\Desktop\monokon_vscode\monokon
2026-05-09 12:07:10.775 [info] [Model][openRepository] Opened repository (real path): c:\Users\ao\Desktop\monokon_vscode\monokon
2026-05-09 12:07:10.775 [info] [Model][openRepository] Opened repository (kind): repository
2026-05-09 12:07:10.829 [info] > git config --get --local core.virtualfilesystem [46ms]
2026-05-09 12:07:10.829 [warning] [Git][config] git config failed: Failed to execute git
2026-05-09 12:07:10.834 [info] > git config --get commit.template [45ms]
2026-05-09 12:07:10.837 [info] > git rev-parse --show-toplevel [45ms]
2026-05-09 12:07:10.848 [info] > git for-each-ref --format=%(refname)%00%(upstream:short)%00%(objectname)%00%(upstream:track)%00%(upstream:remotename)%00%(upstream:remoteref) --ignore-case refs/heads/release refs/remotes/release [51ms]
2026-05-09 12:07:10.883 [info] > git rev-parse --show-toplevel [43ms]
2026-05-09 12:07:10.885 [info] [Model][doInitialScan] Initial repository scan completed - repositories (1), closed repositories (0), parent repositories (0), unsafe repositories (0)
2026-05-09 12:07:10.921 [info] > git for-each-ref --sort -committerdate --format %(refname)%00%(objectname)%00%(*objectname) [55ms]
2026-05-09 12:07:10.947 [info] > git show --textconv :VSCode-win32-x64-1.118.1/data/user-data/SharedStorage-wal [57ms]
2026-05-09 12:07:10.952 [info] > git ls-files --stage -- VSCode-win32-x64-1.118.1/data/user-data/SharedStorage-wal [57ms]
2026-05-09 12:07:10.996 [info] > git hash-object -t tree /dev/null [45ms]
2026-05-09 12:07:10.997 [warning] [GitFileSystemProvider][readFile] File not found - git:/c%3A/Users/ao/Desktop/monokon_vscode/monokon/VSCode-win32-x64-1.118.1/data/user-data/SharedStorage-wal?%7B%22path%22%3A%22c%3A%5C%5CUsers%5C%5Cao%5C%5CDesktop%5C%5Cmonokon_vscode%5C%5Cmonokon%5C%5CVSCode-win32-x64-1.118.1%5C%5Cdata%5C%5Cuser-data%5C%5CSharedStorage-wal%22%2C%22ref%22%3A%22%22%7D
2026-05-09 12:07:10.998 [info] > git hash-object -t tree /dev/null [43ms]
2026-05-09 12:07:10.998 [warning] [GitFileSystemProvider][stat] File not found - git:/c%3A/Users/ao/Desktop/monokon_vscode/monokon/VSCode-win32-x64-1.118.1/data/user-data/SharedStorage-wal?%7B%22path%22%3A%22c%3A%5C%5CUsers%5C%5Cao%5C%5CDesktop%5C%5Cmonokon_vscode%5C%5Cmonokon%5C%5CVSCode-win32-x64-1.118.1%5C%5Cdata%5C%5Cuser-data%5C%5CSharedStorage-wal%22%2C%22ref%22%3A%22%22%7D
2026-05-09 12:07:11.040 [info] > git ls-tree -l HEAD -- VSCode-win32-x64-1.118.1/data/user-data/User/snippets/cpp.json [44ms]
2026-05-09 12:07:11.041 [info] > git show --textconv HEAD:VSCode-win32-x64-1.118.1/data/user-data/User/snippets/cpp.json [49ms]
2026-05-09 12:07:12.164 [info] > git status -z -uall [1302ms] (cancelled)
2026-05-09 12:07:12.167 [info] > git for-each-ref --format=%(refname)%00%(upstream:short)%00%(objectname)%00%(upstream:track)%00%(upstream:remotename)%00%(upstream:remoteref) --ignore-case refs/heads/release refs/remotes/release [683ms]
2026-05-09 12:07:12.174 [info] > git blame --root --incremental daf63e22bec7196d9750a1d5d3fed7dc27e6cfbf -- VSCode-win32-x64-1.118.1/data/user-data/User/snippets/cpp.json [901ms]
2026-05-09 12:07:12.193 [info] > git check-ignore -v -z --stdin [705ms]
2026-05-09 12:07:12.219 [info] > git config --get --local branch.release.vscode-merge-base [45ms]
2026-05-09 12:07:12.318 [info] > git for-each-ref --format=%(refname)%00%(upstream:short)%00%(objectname)%00%(upstream:track)%00%(upstream:remotename)%00%(upstream:remoteref) --ignore-case refs/heads/origin/main refs/remotes/origin/main [94ms]
2026-05-09 12:07:12.341 [info] > git check-ignore -v -z --stdin [58ms]
2026-05-09 12:07:12.371 [info] > git merge-base refs/heads/release refs/remotes/origin/release [48ms]
2026-05-09 12:07:12.421 [info] > git diff --raw --numstat --diff-filter=ADMR -z --find-renames=50% daf63e22bec7196d9750a1d5d3fed7dc27e6cfbf...refs/remotes/origin/release -- [45ms]
2026-05-09 12:07:12.544 [info] > git check-ignore -v -z --stdin [45ms]
2026-05-09 12:07:12.597 [info] > git ls-files --stage -- VSCode-win32-x64-1.118.1/data/user-data/User/snippets/cpp.json [44ms]
2026-05-09 12:07:12.602 [info] > git show --textconv :VSCode-win32-x64-1.118.1/data/user-data/User/snippets/cpp.json [51ms]
2026-05-09 12:07:12.643 [info] > git cat-file -s 7941f129d0fc077a6c5d6623f59f5ff57c951827 [42ms]
2026-05-09 12:07:14.419 [info] > git check-ignore -v -z --stdin [43ms]
2026-05-09 12:07:20.286 [info] > git check-ignore -v -z --stdin [43ms]
2026-05-09 12:07:26.671 [info] > git check-ignore -v -z --stdin [42ms]
2026-05-09 12:07:26.717 [info] > git show --textconv :vscode/arr.ps1 [41ms]
2026-05-09 12:07:26.718 [warning] [GitFileSystemProvider][readFile] File not found - git:/c%3A/Users/ao/Desktop/monokon_vscode/monokon/vscode/arr.ps1.git?%7B%22path%22%3A%22c%3A%5C%5CUsers%5C%5Cao%5C%5CDesktop%5C%5Cmonokon_vscode%5C%5Cmonokon%5C%5Cvscode%5C%5Carr.ps1%22%2C%22ref%22%3A%22%22%7D
2026-05-09 12:07:26.719 [info] > git ls-files --stage -- vscode/arr.ps1 [40ms]
2026-05-09 12:07:26.719 [warning] [GitFileSystemProvider][stat] File not found - git:/c%3A/Users/ao/Desktop/monokon_vscode/monokon/vscode/arr.ps1.git?%7B%22path%22%3A%22c%3A%5C%5CUsers%5C%5Cao%5C%5CDesktop%5C%5Cmonokon_vscode%5C%5Cmonokon%5C%5Cvscode%5C%5Carr.ps1%22%2C%22ref%22%3A%22%22%7D
2026-05-09 12:07:26.945 [info] > git check-ignore -v -z --stdin [42ms]
2026-05-09 12:08:35.923 [info] > git check-ignore -v -z --stdin [43ms]
2026-05-09 12:08:35.969 [info] > git blame --root --incremental daf63e22bec7196d9750a1d5d3fed7dc27e6cfbf -- vscode/arr.ps1 [41ms]
2026-05-09 12:08:35.969 [info] fatal: no such path vscode/arr.ps1 in daf63e22bec7196d9750a1d5d3fed7dc27e6cfbf
2026-05-09 12:08:55.363 [info] > git check-ignore -v -z --stdin [49ms]
2026-05-09 12:08:56.648 [info] > git check-ignore -v -z --stdin [52ms]
2026-05-09 12:08:57.430 [info] > git check-ignore -v -z --stdin [43ms]
2026-05-09 12:09:04.543 [info] > git check-ignore -v -z --stdin [45ms]
2026-05-09 12:09:05.595 [info] > git check-ignore -v -z --stdin [47ms]
2026-05-09 12:09:05.644 [info] > git show --textconv :vscode/data/user-data/User/settings.json [43ms]
2026-05-09 12:09:05.644 [warning] [GitFileSystemProvider][readFile] File not found - git:/c%3A/Users/ao/Desktop/monokon_vscode/monokon/vscode/data/user-data/User/settings.json.git?%7B%22path%22%3A%22c%3A%5C%5CUsers%5C%5Cao%5C%5CDesktop%5C%5Cmonokon_vscode%5C%5Cmonokon%5C%5Cvscode%5C%5Cdata%5C%5Cuser-data%5C%5CUser%5C%5Csettings.json%22%2C%22ref%22%3A%22%22%7D
2026-05-09 12:09:05.646 [info] > git ls-files --stage -- vscode/data/user-data/User/settings.json [43ms]
2026-05-09 12:09:05.646 [warning] [GitFileSystemProvider][stat] File not found - git:/c%3A/Users/ao/Desktop/monokon_vscode/monokon/vscode/data/user-data/User/settings.json.git?%7B%22path%22%3A%22c%3A%5C%5CUsers%5C%5Cao%5C%5CDesktop%5C%5Cmonokon_vscode%5C%5Cmonokon%5C%5Cvscode%5C%5Cdata%5C%5Cuser-data%5C%5CUser%5C%5Csettings.json%22%2C%22ref%22%3A%22%22%7D
2026-05-09 12:09:20.593 [info] > git blame --root --incremental daf63e22bec7196d9750a1d5d3fed7dc27e6cfbf -- vscode/data/user-data/User/settings.json [50ms]
2026-05-09 12:09:20.593 [info] fatal: no such path vscode/data/user-data/User/settings.json in daf63e22bec7196d9750a1d5d3fed7dc27e6cfbf
2026-05-09 12:09:21.717 [info] > git check-ignore -v -z --stdin [41ms]
2026-05-09 12:09:24.312 [info] > git check-ignore -v -z --stdin [44ms]
2026-05-09 12:10:28.863 [info] > git check-ignore -v -z --stdin [44ms]
2026-05-09 12:10:29.183 [info] > git check-ignore -v -z --stdin [44ms]
2026-05-09 12:10:30.219 [info] > git check-ignore -v -z --stdin [41ms]
2026-05-09 12:10:31.059 [info] > git check-ignore -v -z --stdin [42ms]
2026-05-09 12:10:31.913 [info] > git check-ignore -v -z --stdin [43ms]
2026-05-09 12:10:36.465 [info] > git check-ignore -v -z --stdin [43ms]
2026-05-09 12:10:36.880 [info] > git check-ignore -v -z --stdin [44ms]
2026-05-09 12:10:41.906 [info] > git check-ignore -v -z --stdin [45ms]
2026-05-09 12:11:14.826 [info] > git check-ignore -v -z --stdin [44ms]
2026-05-09 12:11:26.796 [info] > git check-ignore -v -z --stdin [43ms]
2026-05-09 12:11:27.174 [info] > git check-ignore -v -z --stdin [42ms]
