2026-05-06 19:53:26.023 [info] [main] ログ レベル: Info
2026-05-06 19:53:26.023 [info] [main] Git の検証が検出されました: "C:\Program Files\Git\cmd\git.exe"
2026-05-06 19:53:26.023 [info] [main] "C:\Program Files\Git\cmd\git.exe" から Git "2.53.0.windows.2" を使用しています
2026-05-06 19:53:26.023 [info] [Model][doInitialScan] Initial repository scan started
2026-05-06 19:53:26.023 [info] > git rev-parse --show-toplevel [342ms]
2026-05-06 19:53:26.270 [info] > git rev-parse --git-dir --git-common-dir --show-superproject-working-tree [239ms]
2026-05-06 19:53:31.531 [info] [Model][openRepository] Opened repository (path): c:\Users\ao\Desktop\monokon
2026-05-06 19:53:31.532 [info] [Model][openRepository] Opened repository (real path): c:\Users\ao\Desktop\monokon
2026-05-06 19:53:31.532 [info] [Model][openRepository] Opened repository (kind): repository
2026-05-06 19:53:31.594 [info] > git config --get --local core.virtualfilesystem [55ms]
2026-05-06 19:53:31.595 [warning] [Git][config] git config failed: Failed to execute git
2026-05-06 19:53:31.679 [info] > git rev-parse --show-toplevel [93ms]
2026-05-06 19:53:31.680 [info] > git config --get commit.template [98ms]
2026-05-06 19:53:31.689 [info] > git for-each-ref --format=%(refname)%00%(upstream:short)%00%(objectname)%00%(upstream:track)%00%(upstream:remotename)%00%(upstream:remoteref) --ignore-case refs/heads/main refs/remotes/main [74ms]
2026-05-06 19:53:31.740 [info] > git rev-parse --show-toplevel [52ms]
2026-05-06 19:53:31.763 [info] > git for-each-ref --sort -committerdate --format %(refname)%00%(objectname)%00%(*objectname) [61ms]
2026-05-06 19:53:31.796 [info] > git rev-parse --show-toplevel [52ms]
2026-05-06 19:53:31.831 [info] > git status -z -uall [134ms]
2026-05-06 19:53:31.864 [info] > git rev-parse --show-toplevel [63ms]
2026-05-06 19:53:32.208 [info] > git rev-parse --show-toplevel [339ms]
2026-05-06 19:53:32.209 [info] > git for-each-ref --format=%(refname)%00%(upstream:short)%00%(objectname)%00%(upstream:track)%00%(upstream:remotename)%00%(upstream:remoteref) --ignore-case refs/heads/main refs/remotes/main [353ms]
2026-05-06 19:53:32.248 [info] > git check-ignore -v -z --stdin [59ms]
2026-05-06 19:53:32.264 [info] > git config --get --local branch.main.vscode-merge-base [48ms]
2026-05-06 19:53:32.270 [info] > git rev-parse --show-toplevel [50ms]
2026-05-06 19:53:32.315 [info] > git for-each-ref --format=%(refname)%00%(upstream:short)%00%(objectname)%00%(upstream:track)%00%(upstream:remotename)%00%(upstream:remoteref) --ignore-case refs/heads/origin/main refs/remotes/origin/main [46ms]
2026-05-06 19:53:32.322 [info] > git rev-parse --show-toplevel [48ms]
2026-05-06 19:53:32.370 [info] > git rev-parse --show-toplevel [44ms]
2026-05-06 19:53:32.376 [info] > git merge-base refs/heads/main refs/remotes/origin/main [56ms]
2026-05-06 19:53:32.417 [info] > git rev-parse --show-toplevel [43ms]
2026-05-06 19:53:32.430 [info] > git diff --raw --numstat --diff-filter=ADMR -z --find-renames=50% 1c37511f23e2ccc331e31bb9fc0bacad561d54d7...refs/remotes/origin/main -- [48ms]
2026-05-06 19:53:32.465 [info] > git rev-parse --show-toplevel [43ms]
2026-05-06 19:53:32.513 [info] > git rev-parse --show-toplevel [43ms]
2026-05-06 19:53:32.515 [info] [Model][doInitialScan] Initial repository scan completed - repositories (1), closed repositories (0), parent repositories (0), unsafe repositories (0)
2026-05-06 19:55:28.645 [info] > git config --get commit.template [42ms]
2026-05-06 19:55:28.650 [info] > git for-each-ref --format=%(refname)%00%(upstream:short)%00%(objectname)%00%(upstream:track)%00%(upstream:remotename)%00%(upstream:remoteref) --ignore-case refs/heads/main refs/remotes/main [45ms]
2026-05-06 19:55:28.700 [info] > git for-each-ref --sort -committerdate --format %(refname)%00%(objectname)%00%(*objectname) [44ms]
2026-05-06 19:55:28.753 [info] > git status -z -uall [100ms]
2026-05-06 19:55:36.309 [info] > git config --get commit.template [41ms]
2026-05-06 19:55:36.314 [info] > git for-each-ref --format=%(refname)%00%(upstream:short)%00%(objectname)%00%(upstream:track)%00%(upstream:remotename)%00%(upstream:remoteref) --ignore-case refs/heads/main refs/remotes/main [43ms]
2026-05-06 19:55:36.364 [info] > git for-each-ref --sort -committerdate --format %(refname)%00%(objectname)%00%(*objectname) [44ms]
2026-05-06 19:55:36.415 [info] > git status -z -uall [97ms]
2026-05-06 19:55:55.061 [info] > git config --get commit.template [45ms]
2026-05-06 19:55:55.071 [info] > git for-each-ref --format=%(refname)%00%(upstream:short)%00%(objectname)%00%(upstream:track)%00%(upstream:remotename)%00%(upstream:remoteref) --ignore-case refs/heads/main refs/remotes/main [53ms]
2026-05-06 19:55:55.131 [info] > git for-each-ref --sort -committerdate --format %(refname)%00%(objectname)%00%(*objectname) [52ms]
2026-05-06 19:55:55.182 [info] > git status -z -uall [106ms]
2026-05-06 19:56:03.376 [info] > git config --get commit.template [41ms]
2026-05-06 19:56:03.381 [info] > git for-each-ref --format=%(refname)%00%(upstream:short)%00%(objectname)%00%(upstream:track)%00%(upstream:remotename)%00%(upstream:remoteref) --ignore-case refs/heads/main refs/remotes/main [44ms]
2026-05-06 19:56:03.433 [info] > git for-each-ref --sort -committerdate --format %(refname)%00%(objectname)%00%(*objectname) [46ms]
2026-05-06 19:56:03.482 [info] > git status -z -uall [97ms]
2026-05-06 19:56:10.691 [info] > git config --get commit.template [40ms]
2026-05-06 19:56:10.699 [info] > git for-each-ref --format=%(refname)%00%(upstream:short)%00%(objectname)%00%(upstream:track)%00%(upstream:remotename)%00%(upstream:remoteref) --ignore-case refs/heads/main refs/remotes/main [45ms]
2026-05-06 19:56:10.748 [info] > git for-each-ref --sort -committerdate --format %(refname)%00%(objectname)%00%(*objectname) [44ms]
2026-05-06 19:56:10.799 [info] > git status -z -uall [97ms]
2026-05-06 19:56:15.859 [info] > git config --get commit.template [39ms]
2026-05-06 19:56:15.864 [info] > git for-each-ref --format=%(refname)%00%(upstream:short)%00%(objectname)%00%(upstream:track)%00%(upstream:remotename)%00%(upstream:remoteref) --ignore-case refs/heads/main refs/remotes/main [42ms]
2026-05-06 19:56:15.913 [info] > git for-each-ref --sort -committerdate --format %(refname)%00%(objectname)%00%(*objectname) [43ms]
2026-05-06 19:56:15.962 [info] > git status -z -uall [94ms]
2026-05-06 19:56:34.198 [info] > git config --get commit.template [40ms]
2026-05-06 19:56:34.203 [info] > git for-each-ref --format=%(refname)%00%(upstream:short)%00%(objectname)%00%(upstream:track)%00%(upstream:remotename)%00%(upstream:remoteref) --ignore-case refs/heads/main refs/remotes/main [42ms]
2026-05-06 19:56:34.252 [info] > git for-each-ref --sort -committerdate --format %(refname)%00%(objectname)%00%(*objectname) [43ms]
2026-05-06 19:56:34.300 [info] > git status -z -uall [95ms]
2026-05-06 19:57:08.569 [info] > git config --get commit.template [42ms]
2026-05-06 19:57:08.578 [info] > git for-each-ref --format=%(refname)%00%(upstream:short)%00%(objectname)%00%(upstream:track)%00%(upstream:remotename)%00%(upstream:remoteref) --ignore-case refs/heads/main refs/remotes/main [47ms]
2026-05-06 19:57:08.630 [info] > git for-each-ref --sort -committerdate --format %(refname)%00%(objectname)%00%(*objectname) [47ms]
2026-05-06 19:57:08.682 [info] > git status -z -uall [102ms]
2026-05-06 19:57:17.099 [info] > git config --get commit.template [42ms]
2026-05-06 19:57:17.104 [info] > git for-each-ref --format=%(refname)%00%(upstream:short)%00%(objectname)%00%(upstream:track)%00%(upstream:remotename)%00%(upstream:remoteref) --ignore-case refs/heads/main refs/remotes/main [44ms]
2026-05-06 19:57:17.154 [info] > git for-each-ref --sort -committerdate --format %(refname)%00%(objectname)%00%(*objectname) [43ms]
2026-05-06 19:57:17.204 [info] > git status -z -uall [96ms]
2026-05-06 19:57:22.255 [info] > git config --get commit.template [41ms]
2026-05-06 19:57:22.260 [info] > git for-each-ref --format=%(refname)%00%(upstream:short)%00%(objectname)%00%(upstream:track)%00%(upstream:remotename)%00%(upstream:remoteref) --ignore-case refs/heads/main refs/remotes/main [44ms]
2026-05-06 19:57:22.309 [info] > git for-each-ref --sort -committerdate --format %(refname)%00%(objectname)%00%(*objectname) [43ms]
2026-05-06 19:57:22.357 [info] > git status -z -uall [94ms]
2026-05-06 19:59:22.629 [info] > git config --get commit.template [43ms]
2026-05-06 19:59:22.636 [info] > git for-each-ref --format=%(refname)%00%(upstream:short)%00%(objectname)%00%(upstream:track)%00%(upstream:remotename)%00%(upstream:remoteref) --ignore-case refs/heads/main refs/remotes/main [47ms]
2026-05-06 19:59:22.690 [info] > git for-each-ref --sort -committerdate --format %(refname)%00%(objectname)%00%(*objectname) [47ms]
2026-05-06 19:59:22.740 [info] > git status -z -uall [101ms]
2026-05-06 19:59:33.040 [info] > git config --get commit.template [43ms]
2026-05-06 19:59:33.046 [info] > git for-each-ref --format=%(refname)%00%(upstream:short)%00%(objectname)%00%(upstream:track)%00%(upstream:remotename)%00%(upstream:remoteref) --ignore-case refs/heads/main refs/remotes/main [46ms]
2026-05-06 19:59:33.097 [info] > git for-each-ref --sort -committerdate --format %(refname)%00%(objectname)%00%(*objectname) [45ms]
2026-05-06 19:59:33.147 [info] > git status -z -uall [98ms]
2026-05-06 19:59:40.998 [info] > git config --get commit.template [40ms]
2026-05-06 19:59:41.003 [info] > git for-each-ref --format=%(refname)%00%(upstream:short)%00%(objectname)%00%(upstream:track)%00%(upstream:remotename)%00%(upstream:remoteref) --ignore-case refs/heads/main refs/remotes/main [42ms]
2026-05-06 19:59:41.055 [info] > git for-each-ref --sort -committerdate --format %(refname)%00%(objectname)%00%(*objectname) [46ms]
2026-05-06 19:59:41.103 [info] > git status -z -uall [97ms]
2026-05-06 19:59:47.401 [info] > git config --get commit.template [43ms]
2026-05-06 19:59:47.406 [info] > git for-each-ref --format=%(refname)%00%(upstream:short)%00%(objectname)%00%(upstream:track)%00%(upstream:remotename)%00%(upstream:remoteref) --ignore-case refs/heads/main refs/remotes/main [45ms]
2026-05-06 19:59:47.456 [info] > git for-each-ref --sort -committerdate --format %(refname)%00%(objectname)%00%(*objectname) [44ms]
2026-05-06 19:59:47.505 [info] > git status -z -uall [96ms]
2026-05-06 19:59:57.866 [info] > git config --get commit.template [40ms]
2026-05-06 19:59:57.873 [info] > git for-each-ref --format=%(refname)%00%(upstream:short)%00%(objectname)%00%(upstream:track)%00%(upstream:remotename)%00%(upstream:remoteref) --ignore-case refs/heads/main refs/remotes/main [44ms]
2026-05-06 19:59:57.923 [info] > git for-each-ref --sort -committerdate --format %(refname)%00%(objectname)%00%(*objectname) [44ms]
2026-05-06 19:59:57.974 [info] > git status -z -uall [98ms]
2026-05-06 20:00:35.780 [info] > git config --get commit.template [42ms]
2026-05-06 20:00:35.787 [info] > git for-each-ref --format=%(refname)%00%(upstream:short)%00%(objectname)%00%(upstream:track)%00%(upstream:remotename)%00%(upstream:remoteref) --ignore-case refs/heads/main refs/remotes/main [47ms]
2026-05-06 20:00:35.837 [info] > git for-each-ref --sort -committerdate --format %(refname)%00%(objectname)%00%(*objectname) [44ms]
2026-05-06 20:00:35.896 [info] > git status -z -uall [106ms]
2026-05-06 20:00:48.465 [info] > git config --get commit.template [43ms]
2026-05-06 20:00:48.471 [info] > git for-each-ref --format=%(refname)%00%(upstream:short)%00%(objectname)%00%(upstream:track)%00%(upstream:remotename)%00%(upstream:remoteref) --ignore-case refs/heads/main refs/remotes/main [46ms]
2026-05-06 20:00:48.524 [info] > git for-each-ref --sort -committerdate --format %(refname)%00%(objectname)%00%(*objectname) [47ms]
2026-05-06 20:00:48.570 [info] > git status -z -uall [96ms]
2026-05-06 20:01:17.276 [info] > git config --get commit.template [43ms]
2026-05-06 20:01:17.283 [info] > git for-each-ref --format=%(refname)%00%(upstream:short)%00%(objectname)%00%(upstream:track)%00%(upstream:remotename)%00%(upstream:remoteref) --ignore-case refs/heads/main refs/remotes/main [47ms]
2026-05-06 20:01:17.337 [info] > git for-each-ref --sort -committerdate --format %(refname)%00%(objectname)%00%(*objectname) [49ms]
2026-05-06 20:01:17.394 [info] > git status -z -uall [108ms]
2026-05-06 20:01:23.631 [info] > git config --get commit.template [41ms]
2026-05-06 20:01:23.637 [info] > git for-each-ref --format=%(refname)%00%(upstream:short)%00%(objectname)%00%(upstream:track)%00%(upstream:remotename)%00%(upstream:remoteref) --ignore-case refs/heads/main refs/remotes/main [46ms]
2026-05-06 20:01:23.690 [info] > git for-each-ref --sort -committerdate --format %(refname)%00%(objectname)%00%(*objectname) [46ms]
2026-05-06 20:01:23.738 [info] > git status -z -uall [97ms]
2026-05-06 20:02:01.442 [info] > git config --get commit.template [40ms]
2026-05-06 20:02:01.448 [info] > git for-each-ref --format=%(refname)%00%(upstream:short)%00%(objectname)%00%(upstream:track)%00%(upstream:remotename)%00%(upstream:remoteref) --ignore-case refs/heads/main refs/remotes/main [44ms]
2026-05-06 20:02:01.497 [info] > git for-each-ref --sort -committerdate --format %(refname)%00%(objectname)%00%(*objectname) [44ms]
2026-05-06 20:02:01.546 [info] > git status -z -uall [95ms]
2026-05-06 20:03:17.368 [info] > git config --get commit.template [41ms]
2026-05-06 20:03:17.373 [info] > git for-each-ref --format=%(refname)%00%(upstream:short)%00%(objectname)%00%(upstream:track)%00%(upstream:remotename)%00%(upstream:remoteref) --ignore-case refs/heads/main refs/remotes/main [43ms]
2026-05-06 20:03:17.423 [info] > git for-each-ref --sort -committerdate --format %(refname)%00%(objectname)%00%(*objectname) [43ms]
2026-05-06 20:03:17.470 [info] > git status -z -uall [94ms]
2026-05-06 20:03:37.783 [info] > git config --get commit.template [44ms]
2026-05-06 20:03:37.787 [info] > git for-each-ref --format=%(refname)%00%(upstream:short)%00%(objectname)%00%(upstream:track)%00%(upstream:remotename)%00%(upstream:remoteref) --ignore-case refs/heads/main refs/remotes/main [45ms]
2026-05-06 20:03:37.839 [info] > git for-each-ref --sort -committerdate --format %(refname)%00%(objectname)%00%(*objectname) [46ms]
2026-05-06 20:03:37.893 [info] > git status -z -uall [102ms]
2026-05-06 20:03:47.592 [info] > git config --get commit.template [43ms]
2026-05-06 20:03:47.598 [info] > git for-each-ref --format=%(refname)%00%(upstream:short)%00%(objectname)%00%(upstream:track)%00%(upstream:remotename)%00%(upstream:remoteref) --ignore-case refs/heads/main refs/remotes/main [47ms]
2026-05-06 20:03:47.651 [info] > git for-each-ref --sort -committerdate --format %(refname)%00%(objectname)%00%(*objectname) [47ms]
2026-05-06 20:03:47.701 [info] > git status -z -uall [99ms]
2026-05-06 20:04:28.118 [info] > git config --get commit.template [43ms]
2026-05-06 20:04:28.126 [info] > git for-each-ref --format=%(refname)%00%(upstream:short)%00%(objectname)%00%(upstream:track)%00%(upstream:remotename)%00%(upstream:remoteref) --ignore-case refs/heads/main refs/remotes/main [49ms]
2026-05-06 20:04:28.182 [info] > git for-each-ref --sort -committerdate --format %(refname)%00%(objectname)%00%(*objectname) [50ms]
2026-05-06 20:04:28.234 [info] > git status -z -uall [105ms]
