2026-05-09 12:12:50.447 [info] Extension host with pid 16580 started
2026-05-09 12:12:50.447 [info] Skipping acquiring lock for c:\Users\ao\Desktop\monokon_vscode\monokon\vscode\data\user-data\User\workspaceStorage\e97a9b6982f267a4509df557fac89ea2.
2026-05-09 12:12:50.790 [info] ExtensionService#_doActivateExtension ms-vscode.cpptools, startup: false, activationEvent: 'onLanguage:cpp'
2026-05-09 12:12:51.072 [info] ExtensionService#_doActivateExtension vscode.terminal-suggest, startup: false, activationEvent: 'onTerminalShellIntegration:*'
2026-05-09 12:12:51.391 [info] ExtensionService#_doActivateExtension vscode.configuration-editing, startup: false, activationEvent: 'onLanguage:json'
2026-05-09 12:12:51.391 [info] ExtensionService#_doActivateExtension vscode.extension-editing, startup: false, activationEvent: 'onLanguage:json'
2026-05-09 12:12:51.392 [info] ExtensionService#_doActivateExtension vscode.json-language-features, startup: false, activationEvent: 'onLanguage:json'
2026-05-09 12:12:51.497 [info] ExtensionService#_doActivateExtension vscode.typescript-language-features, startup: false, activationEvent: 'onLanguage:jsonc'
2026-05-09 12:12:51.575 [info] ExtensionService#_doActivateExtension vscode.git-base, startup: true, activationEvent: '*', root cause: vscode.git
2026-05-09 12:12:51.576 [info] ExtensionService#_doActivateExtension oderwat.indent-rainbow, startup: true, activationEvent: '*'
2026-05-09 12:12:51.806 [info] ExtensionService#_doActivateExtension vscode.git, startup: true, activationEvent: '*'
2026-05-09 12:12:51.982 [info] Eager extensions activated
2026-05-09 12:12:52.006 [info] ExtensionService#_doActivateExtension vscode.merge-conflict, startup: false, activationEvent: 'onStartupFinished'
2026-05-09 12:12:52.006 [info] ExtensionService#_doActivateExtension vscode-icons-team.vscode-icons, startup: false, activationEvent: 'onStartupFinished'
2026-05-09 12:12:52.034 [info] ExtensionService#_doActivateExtension vscodevim.vim, startup: false, activationEvent: 'onStartupFinished'
2026-05-09 12:19:54.041 [info] Extension host terminating: received terminate message from renderer
2026-05-09 12:19:54.076 [error] Error: Channel has been closed
	at r (file:///c:/Users/ao/Desktop/monokon_vscode/monokon/vscode/8b640eef5a/resources/app/out/vs/workbench/api/node/extensionHostProcess.js:510:3935)
	at Object.info (file:///c:/Users/ao/Desktop/monokon_vscode/monokon/vscode/8b640eef5a/resources/app/out/vs/workbench/api/node/extensionHostProcess.js:510:4305)
	at WT.info (c:\Users\ao\Desktop\monokon_vscode\monokon\vscode\8b640eef5a\resources\app\extensions\json-language-features\client\dist\node\jsonClientMain.js:14:709)
	at ChildProcess.<anonymous> (c:\Users\ao\Desktop\monokon_vscode\monokon\vscode\8b640eef5a\resources\app\extensions\json-language-features\client\dist\node\jsonClientMain.js:19:48759)
	at ChildProcess.emit (node:events:519:28)
	at ChildProcess._handle.onexit (node:internal/child_process:293:12)
2026-05-09 12:19:54.101 [info] Extension host with pid 16580 exiting with code 0
