2026-05-09 11:49:04.699 [info] Active editor: file:///c%3A/Users/ao/Desktop/monokon/myprac/ai/1/kadai4b/kadai4b.ino
2026-05-09 11:49:09.513 [info] c:\Users\ao\Desktop\monokon\myprac\ai\1\kadai4b\kadai4b.ino closed
2026-05-09 11:49:09.514 [info] c:\Users\ao\Desktop\monokon\myprac\ai\1\kadai4b\kadai4b.ino.git closed
2026-05-09 11:49:09.519 [info] Active editor: file:///c%3A/Users/ao/Desktop/monokon/myprac/ai/1/kadai5/kadai5.ino
2026-05-09 11:49:10.970 [info] Active editor: file:///c%3A/Users/ao/Desktop/monokon/myprac/ai/1/kadai4a/kadai4a.ino
2026-05-09 11:49:12.187 [info] c:\Users\ao\Desktop\monokon\myprac\ai\1\kadai4a\kadai4a.ino closed
2026-05-09 11:49:12.187 [info] c:\Users\ao\Desktop\monokon\myprac\ai\1\kadai4a\kadai4a.ino.git closed
2026-05-09 11:49:12.191 [info] Active editor: file:///c%3A/Users/ao/Desktop/monokon/myprac/ai/1/kadai5/kadai5.ino
2026-05-09 11:49:13.612 [info] Active editor: file:///c%3A/Users/ao/Desktop/monokon/myprac/ai/1/kadai3b/kadai3b.ino
2026-05-09 11:49:16.118 [info] c:\Users\ao\Desktop\monokon\myprac\ai\1\kadai3b\kadai3b.ino closed
2026-05-09 11:49:16.119 [info] c:\Users\ao\Desktop\monokon\myprac\ai\1\kadai3b\kadai3b.ino.git closed
2026-05-09 11:49:16.123 [info] Active editor: file:///c%3A/Users/ao/Desktop/monokon/myprac/ai/1/kadai5/kadai5.ino
2026-05-09 11:49:18.421 [info] Active editor: file:///c%3A/Users/ao/Desktop/monokon/myprac/ai/1/kadai3a/kadai3a.ino
2026-05-09 11:49:54.079 [info] c:\Users\ao\Desktop\monokon\.vscode\c_cpp_properties.json closed
2026-05-09 11:50:11.302 [info] Configuration changed
2026-05-09 11:53:34.582 [info] c:\Users\ao\Desktop\monokon\myprac\ai\1\kadai3a\kadai3a.ino.git closed
2026-05-09 11:53:34.609 [info] Active editor: file:///c%3A/Users/ao/Desktop/monokon/daemon/src/builder.cpp
2026-05-09 11:53:53.836 [info] c:\Users\ao\Desktop\monokon\daemon\src\builder.cpp.git closed
2026-05-09 11:53:53.859 [info] Active editor: file:///c%3A/Users/ao/Desktop/monokon/daemon/src/daemon_main.cpp
2026-05-09 11:53:55.203 [info] c:\Users\ao\Desktop\monokon\daemon\src\daemon_main.cpp.git closed
2026-05-09 11:53:55.222 [info] Active editor: file:///c%3A/Users/ao/Desktop/monokon/daemon/src/client_main.cpp
2026-05-09 12:01:09.974 [info] c:\Users\ao\Desktop\monokon\daemon\src\client_main.cpp closed
2026-05-09 12:01:09.975 [info] c:\Users\ao\Desktop\monokon\daemon\src\client_main.cpp.git closed
2026-05-09 12:01:09.983 [info] Active editor: file:///c%3A/Users/ao/Desktop/monokon/daemon/src/daemon_main.cpp
2026-05-09 12:01:10.800 [info] c:\Users\ao\Desktop\monokon\daemon\src\daemon_main.cpp closed
2026-05-09 12:01:10.801 [info] c:\Users\ao\Desktop\monokon\daemon\src\daemon_main.cpp.git closed
2026-05-09 12:01:10.806 [info] Active editor: file:///c%3A/Users/ao/Desktop/monokon/daemon/src/builder.cpp
2026-05-09 12:01:11.940 [info] c:\Users\ao\Desktop\monokon\daemon\src\builder.cpp closed
2026-05-09 12:01:11.941 [info] c:\Users\ao\Desktop\monokon\daemon\src\builder.cpp.git closed
2026-05-09 12:01:11.944 [info] Active editor: file:///c%3A/Users/ao/Desktop/monokon/myprac/ai/1/kadai3a/kadai3a.ino
2026-05-09 12:01:12.662 [info] c:\Users\ao\Desktop\monokon\myprac\ai\1\kadai3a\kadai3a.ino closed
2026-05-09 12:01:12.663 [info] c:\Users\ao\Desktop\monokon\myprac\ai\1\kadai3a\kadai3a.ino.git closed
2026-05-09 12:01:12.666 [info] Active editor: file:///c%3A/Users/ao/Desktop/monokon/myprac/ai/1/kadai5/kadai5.ino
2026-05-09 12:10:32.275 [info] Configuration changed
2026-05-09 12:10:32.355 [info] Configuration changed
2026-05-09 12:10:34.354 [info] Configuration changed
2026-05-09 12:10:37.349 [info] Configuration changed
2026-05-09 12:10:37.425 [info] Configuration changed
2026-05-09 12:11:16.216 [info] Configuration changed
2026-05-09 12:11:16.293 [info] Configuration changed
2026-05-09 12:11:27.765 [info] Configuration changed
2026-05-09 12:11:27.840 [info] Configuration changed
2026-05-09 12:11:29.841 [info] Configuration changed
