2026-05-04 17:36:54.268 [info] Extension host with pid 17452 started
2026-05-04 17:36:54.268 [info] Skipping acquiring lock for c:\Users\ao\Desktop\monokon_release\VSCode-win32-x64-1.118.1\data\user-data\User\workspaceStorage\8aeb0a71e25abdf49b7f326df74826f8.
2026-05-04 17:36:54.490 [info] ExtensionService#_doActivateExtension vscode.github-authentication, startup: false, activationEvent: 'onAuthenticationRequest:github'
2026-05-04 17:36:54.491 [info] ExtensionService#_doActivateExtension vscode.emmet, startup: false, activationEvent: 'onLanguage'
2026-05-04 17:36:54.491 [info] ExtensionService#_doActivateExtension ms-vscode.cpptools, startup: false, activationEvent: 'onLanguage:c'
2026-05-04 17:36:55.141 [info] ExtensionService#_doActivateExtension vscode.git-base, startup: true, activationEvent: '*', root cause: vscode.git
2026-05-04 17:36:55.141 [info] ExtensionService#_doActivateExtension oderwat.indent-rainbow, startup: true, activationEvent: '*'
2026-05-04 17:36:55.158 [info] ExtensionService#_doActivateExtension vscode.git, startup: true, activationEvent: '*'
2026-05-04 17:36:55.158 [info] ExtensionService#_doActivateExtension vscode.github, startup: true, activationEvent: '*'
2026-05-04 17:36:55.337 [info] Eager extensions activated
2026-05-04 17:36:55.340 [info] ExtensionService#_doActivateExtension vscode.debug-auto-launch, startup: false, activationEvent: 'onStartupFinished'
2026-05-04 17:36:55.341 [info] ExtensionService#_doActivateExtension vscode.merge-conflict, startup: false, activationEvent: 'onStartupFinished'
2026-05-04 17:36:55.342 [info] ExtensionService#_doActivateExtension vscode-icons-team.vscode-icons, startup: false, activationEvent: 'onStartupFinished'
2026-05-04 17:36:55.367 [info] ExtensionService#_doActivateExtension vscodevim.vim, startup: false, activationEvent: 'onStartupFinished'
2026-05-04 17:36:56.474 [info] ExtensionService#_doActivateExtension vscode.configuration-editing, startup: false, activationEvent: 'onLanguage:jsonc'
2026-05-04 17:36:56.474 [info] ExtensionService#_doActivateExtension vscode.json-language-features, startup: false, activationEvent: 'onLanguage:jsonc'
2026-05-04 17:36:56.475 [info] ExtensionService#_doActivateExtension vscode.typescript-language-features, startup: false, activationEvent: 'onLanguage:jsonc'
2026-05-04 17:36:56.567 [error] Error: ENOENT: no such file or directory, open 'c:\Users\ao\Desktop\monokon_release\VSCode-win32-x64-1.118.1\data\user-data\User\globalStorage\vscodevim.vim\.registers'
2026-05-04 17:37:59.975 [info] Extension host terminating: received terminate message from renderer
2026-05-04 17:37:59.994 [error] TypeError: r.some is not a function
	at h.saveToDisk (c:\Users\ao\Desktop\monokon_release\VSCode-win32-x64-1.118.1\data\extensions\vscodevim.vim-1.32.4\out\extension.js:2:654340)
	at t.deactivate (c:\Users\ao\Desktop\monokon_release\VSCode-win32-x64-1.118.1\data\extensions\vscodevim.vim-1.32.4\out\extension.js:2:791858)
	at wP._deactivate (file:///c:/Users/ao/Desktop/monokon_release/VSCode-win32-x64-1.118.1/034f571df5/resources/app/out/vs/workbench/api/node/extensionHostProcess.js:507:14483)
	at file:///c:/Users/ao/Desktop/monokon_release/VSCode-win32-x64-1.118.1/034f571df5/resources/app/out/vs/workbench/api/node/extensionHostProcess.js:507:12010
	at Array.map (<anonymous>)
	at wP._deactivateAll (file:///c:/Users/ao/Desktop/monokon_release/VSCode-win32-x64-1.118.1/034f571df5/resources/app/out/vs/workbench/api/node/extensionHostProcess.js:507:11998)
	at wP.terminate (file:///c:/Users/ao/Desktop/monokon_release/VSCode-win32-x64-1.118.1/034f571df5/resources/app/out/vs/workbench/api/node/extensionHostProcess.js:507:12349)
	at i.terminate (file:///c:/Users/ao/Desktop/monokon_release/VSCode-win32-x64-1.118.1/034f571df5/resources/app/out/vs/workbench/api/node/extensionHostProcess.js:509:1072)
	at Gs (file:///c:/Users/ao/Desktop/monokon_release/VSCode-win32-x64-1.118.1/034f571df5/resources/app/out/vs/workbench/api/node/extensionHostProcess.js:834:11700)
	at pp.value (file:///c:/Users/ao/Desktop/monokon_release/VSCode-win32-x64-1.118.1/034f571df5/resources/app/out/vs/workbench/api/node/extensionHostProcess.js:834:9847)
	at T._deliver (file:///c:/Users/ao/Desktop/monokon_release/VSCode-win32-x64-1.118.1/034f571df5/resources/app/out/vs/workbench/api/node/extensionHostProcess.js:403:3244)
	at T.fire (file:///c:/Users/ao/Desktop/monokon_release/VSCode-win32-x64-1.118.1/034f571df5/resources/app/out/vs/workbench/api/node/extensionHostProcess.js:403:3562)
	at ls.fire (file:///c:/Users/ao/Desktop/monokon_release/VSCode-win32-x64-1.118.1/034f571df5/resources/app/out/vs/workbench/api/node/extensionHostProcess.js:405:8437)
	at MessagePortMain.<anonymous> (file:///c:/Users/ao/Desktop/monokon_release/VSCode-win32-x64-1.118.1/034f571df5/resources/app/out/vs/workbench/api/node/extensionHostProcess.js:834:8082)
	at MessagePortMain.emit (node:events:519:28)
	at MessagePortMain._internalPort.emit (node:electron/js2c/utility_init:2:2959)
2026-05-04 17:38:00.006 [info] Extension host with pid 17452 exiting with code 0
