2026-05-09 11:46:54.101 [info] Latency measurements for local backend
window<->ptyhost (message port): 0.70ms
window<->ptyhostservice<->ptyhost: 11.70ms
ptyhostservice<->ptyhost: 0.62ms []
2026-05-09 11:50:10.740 [info] Latency measurements for local backend
window<->ptyhost (message port): 0.50ms
window<->ptyhostservice<->ptyhost: 1.10ms
ptyhostservice<->ptyhost: 0.63ms []
2026-05-09 11:50:25.368 [info] Latency measurements for local backend
window<->ptyhost (message port): 0.40ms
window<->ptyhostservice<->ptyhost: 1.40ms
ptyhostservice<->ptyhost: 0.67ms []
2026-05-09 11:52:00.617 [info] Latency measurements for local backend
window<->ptyhost (message port): 0.50ms
window<->ptyhostservice<->ptyhost: 1.20ms
ptyhostservice<->ptyhost: 0.75ms []
2026-05-09 11:52:04.136 [info] Latency measurements for local backend
window<->ptyhost (message port): 0.40ms
window<->ptyhostservice<->ptyhost: 0.80ms
ptyhostservice<->ptyhost: 0.37ms []
2026-05-09 11:57:36.586 [error] Exception occurred during xterm disposal [{}]
2026-05-09 12:07:10.618 [info] Latency measurements for local backend
window<->ptyhost (message port): 0.40ms
window<->ptyhostservice<->ptyhost: 1.80ms
ptyhostservice<->ptyhost: 0.46ms []
2026-05-09 12:07:11.373 [info] Latency measurements for local backend
window<->ptyhost (message port): 1.00ms
window<->ptyhostservice<->ptyhost: 1.10ms
ptyhostservice<->ptyhost: 0.44ms []
2026-05-09 12:11:47.300 [info] Latency measurements for local backend
window<->ptyhost (message port): 2.70ms
window<->ptyhostservice<->ptyhost: 1.90ms
ptyhostservice<->ptyhost: 1.19ms []
