2026-05-09 12:22:05.384 [info] [main] ログ レベル: Info
2026-05-09 12:22:05.384 [info] [main] Git の検証が検出されました: "C:\Program Files\Git\cmd\git.exe"
2026-05-09 12:22:05.426 [info] [main] "C:\Program Files\Git\cmd\git.exe" から Git "2.53.0.windows.2" を使用しています
2026-05-09 12:22:05.426 [info] [Model][doInitialScan] Initial repository scan started
2026-05-09 12:22:05.591 [info] > git rev-parse --show-toplevel [158ms]
2026-05-09 12:22:05.733 [info] > git rev-parse --git-dir --git-common-dir --show-superproject-working-tree [77ms]
2026-05-09 12:22:05.742 [info] [Model][openRepository] Opened repository (path): c:\Users\ao\Desktop\monokon
2026-05-09 12:22:05.742 [info] [Model][openRepository] Opened repository (real path): c:\Users\ao\Desktop\monokon
2026-05-09 12:22:05.742 [info] [Model][openRepository] Opened repository (kind): repository
2026-05-09 12:22:05.801 [info] > git config --get --local core.virtualfilesystem [53ms]
2026-05-09 12:22:05.802 [warning] [Git][config] git config failed: Failed to execute git
2026-05-09 12:22:05.804 [info] > git config --get commit.template [51ms]
2026-05-09 12:22:05.808 [info] > git rev-parse --show-toplevel [51ms]
2026-05-09 12:22:06.055 [info] > git for-each-ref --format=%(refname)%00%(upstream:short)%00%(objectname)%00%(upstream:track)%00%(upstream:remotename)%00%(upstream:remoteref) --ignore-case refs/heads/main refs/remotes/main [293ms]
2026-05-09 12:22:06.056 [info] > git rev-parse --show-toplevel [245ms]
2026-05-09 12:22:06.118 [info] > git rev-parse --show-toplevel [54ms]
2026-05-09 12:22:06.127 [info] > git check-ignore -v -z --stdin [57ms]
2026-05-09 12:22:06.139 [info] > git for-each-ref --sort -committerdate --format %(refname)%00%(objectname)%00%(*objectname) [60ms]
2026-05-09 12:22:06.169 [info] > git rev-parse --show-toplevel [48ms]
2026-05-09 12:22:06.195 [info] > git status -z -uall [121ms]
2026-05-09 12:22:06.217 [info] > git rev-parse --show-toplevel [44ms]
2026-05-09 12:22:06.258 [info] > git for-each-ref --format=%(refname)%00%(upstream:short)%00%(objectname)%00%(upstream:track)%00%(upstream:remotename)%00%(upstream:remoteref) --ignore-case refs/heads/main refs/remotes/main [46ms]
2026-05-09 12:22:06.263 [info] > git rev-parse --show-toplevel [42ms]
2026-05-09 12:22:06.307 [info] > git config --get --local branch.main.vscode-merge-base [44ms]
2026-05-09 12:22:06.321 [info] > git rev-parse --show-toplevel [55ms]
2026-05-09 12:22:06.343 [info] > git check-ignore -v -z --stdin [51ms]
2026-05-09 12:22:06.363 [info] > git for-each-ref --format=%(refname)%00%(upstream:short)%00%(objectname)%00%(upstream:track)%00%(upstream:remotename)%00%(upstream:remoteref) --ignore-case refs/heads/origin/main refs/remotes/origin/main [51ms]
2026-05-09 12:22:06.373 [info] > git rev-parse --show-toplevel [47ms]
2026-05-09 12:22:06.417 [info] > git merge-base refs/heads/main refs/remotes/origin/main [47ms]
2026-05-09 12:22:06.423 [info] > git rev-parse --show-toplevel [45ms]
2026-05-09 12:22:06.468 [info] > git rev-parse --show-toplevel [42ms]
2026-05-09 12:22:06.469 [info] > git diff --raw --numstat --diff-filter=ADMR -z --find-renames=50% 5a9a506325ea44c8ce3f27a3e5fd6e0272b1b7a2...refs/remotes/origin/main -- [48ms]
2026-05-09 12:22:06.527 [info] > git rev-parse --show-toplevel [54ms]
2026-05-09 12:22:06.530 [info] [Model][doInitialScan] Initial repository scan completed - repositories (1), closed repositories (0), parent repositories (0), unsafe repositories (0)
2026-05-09 12:22:06.612 [info] > git ls-files --stage -- myprac/ai/1/kadai2b/kadai2b.ino [68ms]
2026-05-09 12:22:06.617 [info] > git show --textconv :myprac/ai/1/kadai2b/kadai2b.ino [80ms]
2026-05-09 12:22:06.665 [info] > git cat-file -s eb4d88bec8dbf98f88ed368f7a479d4c8a3a908b [49ms]
2026-05-09 12:22:06.824 [info] > git check-ignore -v -z --stdin [52ms]
2026-05-09 12:22:06.842 [info] > git blame --root --incremental 5a9a506325ea44c8ce3f27a3e5fd6e0272b1b7a2 -- myprac/ai/1/kadai2b/kadai2b.ino [62ms]
2026-05-09 12:28:03.343 [info] > git check-ignore -v -z --stdin [44ms]
2026-05-09 12:28:03.394 [info] > git ls-files --stage -- myprac/ai/1/kadai2b/kadai2b.ino [43ms]
2026-05-09 12:28:03.398 [info] > git show --textconv :myprac/ai/1/kadai2b/kadai2b.ino [49ms]
2026-05-09 12:28:03.439 [info] > git cat-file -s eb4d88bec8dbf98f88ed368f7a479d4c8a3a908b [41ms]
2026-05-09 12:28:05.030 [info] > git check-ignore -v -z --stdin [41ms]
2026-05-09 12:28:05.075 [info] > git ls-files --stage -- myprac/ai/1/kadai3a/kadai3a.ino [37ms]
2026-05-09 12:28:05.080 [info] > git show --textconv :myprac/ai/1/kadai3a/kadai3a.ino [45ms]
2026-05-09 12:28:05.121 [info] > git cat-file -s f8e288bcbcaa97d9114abf18cf0b34a9cf2e2f3e [42ms]
2026-05-09 12:28:05.180 [info] > git blame --root --incremental 5a9a506325ea44c8ce3f27a3e5fd6e0272b1b7a2 -- myprac/ai/1/kadai3a/kadai3a.ino [52ms]
2026-05-09 12:28:05.454 [info] > git check-ignore -v -z --stdin [40ms]
2026-05-09 12:28:14.566 [info] > git check-ignore -v -z --stdin [44ms]
2026-05-09 12:28:14.611 [info] > git ls-files --stage -- myprac/ai/1/kadai2b/kadai2b.ino [38ms]
2026-05-09 12:28:14.615 [info] > git show --textconv :myprac/ai/1/kadai2b/kadai2b.ino [44ms]
2026-05-09 12:28:14.654 [info] > git cat-file -s eb4d88bec8dbf98f88ed368f7a479d4c8a3a908b [40ms]
2026-05-09 12:28:21.581 [info] > git check-ignore -v -z --stdin [41ms]
2026-05-09 12:28:21.628 [info] > git ls-files --stage -- myprac/ai/1/kadai3a/kadai3a.ino [39ms]
2026-05-09 12:28:21.632 [info] > git show --textconv :myprac/ai/1/kadai3a/kadai3a.ino [46ms]
2026-05-09 12:28:21.672 [info] > git cat-file -s f8e288bcbcaa97d9114abf18cf0b34a9cf2e2f3e [41ms]
