2026-05-09 11:46:58.976 [info] [main] ログ レベル: Info
2026-05-09 11:46:58.976 [info] [main] Git の検証が検出されました: "C:\Program Files\Git\cmd\git.exe"
2026-05-09 11:46:58.976 [info] [main] "C:\Program Files\Git\cmd\git.exe" から Git "2.53.0.windows.2" を使用しています
2026-05-09 11:46:58.976 [info] [Model][doInitialScan] Initial repository scan started
2026-05-09 11:46:58.976 [info] > git rev-parse --show-toplevel [102ms]
2026-05-09 11:46:59.073 [info] > git rev-parse --git-dir --git-common-dir --show-superproject-working-tree [92ms]
2026-05-09 11:46:59.090 [info] [Model][openRepository] Opened repository (path): c:\Users\ao\Desktop\monokon
2026-05-09 11:46:59.090 [info] [Model][openRepository] Opened repository (real path): c:\Users\ao\Desktop\monokon
2026-05-09 11:46:59.090 [info] [Model][openRepository] Opened repository (kind): repository
2026-05-09 11:46:59.144 [info] > git config --get --local core.virtualfilesystem [49ms]
2026-05-09 11:46:59.144 [warning] [Git][config] git config failed: Failed to execute git
2026-05-09 11:46:59.149 [info] > git config --get commit.template [50ms]
2026-05-09 11:46:59.151 [info] > git rev-parse --show-toplevel [49ms]
2026-05-09 11:46:59.187 [info] > git for-each-ref --format=%(refname)%00%(upstream:short)%00%(objectname)%00%(upstream:track)%00%(upstream:remotename)%00%(upstream:remoteref) --ignore-case refs/heads/main refs/remotes/main [55ms]
2026-05-09 11:46:59.208 [info] > git rev-parse --show-toplevel [52ms]
2026-05-09 11:46:59.608 [info] > git status -z -uall [405ms]
2026-05-09 11:46:59.609 [info] > git for-each-ref --sort -committerdate --format %(refname)%00%(objectname)%00%(*objectname) [402ms]
2026-05-09 11:46:59.626 [info] > git rev-parse --show-toplevel [413ms]
2026-05-09 11:46:59.847 [info] > git rev-parse --show-toplevel [209ms]
2026-05-09 11:46:59.848 [info] > git for-each-ref --format=%(refname)%00%(upstream:short)%00%(objectname)%00%(upstream:track)%00%(upstream:remotename)%00%(upstream:remoteref) --ignore-case refs/heads/main refs/remotes/main [223ms]
2026-05-09 11:46:59.856 [info] > git check-ignore -v -z --stdin [224ms]
2026-05-09 11:46:59.896 [info] > git config --get --local branch.main.vscode-merge-base [43ms]
2026-05-09 11:46:59.900 [info] > git rev-parse --show-toplevel [44ms]
2026-05-09 11:46:59.943 [info] > git rev-parse --show-toplevel [39ms]
2026-05-09 11:46:59.943 [info] > git for-each-ref --format=%(refname)%00%(upstream:short)%00%(objectname)%00%(upstream:track)%00%(upstream:remotename)%00%(upstream:remoteref) --ignore-case refs/heads/origin/main refs/remotes/origin/main [43ms]
2026-05-09 11:46:59.989 [info] > git rev-parse --show-toplevel [38ms]
2026-05-09 11:46:59.992 [info] > git merge-base refs/heads/main refs/remotes/origin/main [44ms]
2026-05-09 11:47:00.036 [info] > git rev-parse --show-toplevel [44ms]
2026-05-09 11:47:00.041 [info] > git diff --raw --numstat --diff-filter=ADMR -z --find-renames=50% 5a9a506325ea44c8ce3f27a3e5fd6e0272b1b7a2...refs/remotes/origin/main -- [44ms]
2026-05-09 11:47:00.079 [info] > git rev-parse --show-toplevel [40ms]
2026-05-09 11:47:00.121 [info] > git rev-parse --show-toplevel [39ms]
2026-05-09 11:47:00.164 [info] > git rev-parse --show-toplevel [40ms]
2026-05-09 11:47:00.165 [info] [Model][doInitialScan] Initial repository scan completed - repositories (1), closed repositories (0), parent repositories (0), unsafe repositories (0)
2026-05-09 11:49:04.729 [info] > git check-ignore -v -z --stdin [44ms]
2026-05-09 11:49:04.945 [info] > git check-ignore -v -z --stdin [39ms]
2026-05-09 11:49:05.007 [info] > git ls-files --stage -- myprac/ai/1/kadai4b/kadai4b.ino [53ms]
2026-05-09 11:49:05.012 [info] > git show --textconv :myprac/ai/1/kadai4b/kadai4b.ino [61ms]
2026-05-09 11:49:05.052 [info] > git cat-file -s 614a21acdcf0341b28352eebc9766987ad66fe46 [41ms]
2026-05-09 11:49:05.120 [info] > git blame --root --incremental 5a9a506325ea44c8ce3f27a3e5fd6e0272b1b7a2 -- myprac/ai/1/kadai4b/kadai4b.ino [48ms]
2026-05-09 11:49:11.158 [info] > git check-ignore -v -z --stdin [43ms]
2026-05-09 11:49:11.222 [info] > git check-ignore -v -z --stdin [47ms]
2026-05-09 11:49:11.280 [info] > git ls-files --stage -- myprac/ai/1/kadai4a/kadai4a.ino [41ms]
2026-05-09 11:49:11.284 [info] > git show --textconv :myprac/ai/1/kadai4a/kadai4a.ino [49ms]
2026-05-09 11:49:11.326 [info] > git cat-file -s 888c694ffff237891445f7212fb3e5c9fdf178fd [43ms]
2026-05-09 11:49:11.387 [info] > git blame --root --incremental 5a9a506325ea44c8ce3f27a3e5fd6e0272b1b7a2 -- myprac/ai/1/kadai4a/kadai4a.ino [50ms]
2026-05-09 11:49:13.707 [info] > git check-ignore -v -z --stdin [48ms]
2026-05-09 11:49:13.860 [info] > git check-ignore -v -z --stdin [44ms]
2026-05-09 11:49:13.909 [info] > git ls-files --stage -- myprac/ai/1/kadai3b/kadai3b.ino [39ms]
2026-05-09 11:49:13.913 [info] > git show --textconv :myprac/ai/1/kadai3b/kadai3b.ino [46ms]
2026-05-09 11:49:13.954 [info] > git cat-file -s e64ffb0a5555b191c47c42ededcacfb5c3e74223 [41ms]
2026-05-09 11:49:14.019 [info] > git blame --root --incremental 5a9a506325ea44c8ce3f27a3e5fd6e0272b1b7a2 -- myprac/ai/1/kadai3b/kadai3b.ino [57ms]
2026-05-09 11:49:18.571 [info] > git check-ignore -v -z --stdin [45ms]
2026-05-09 11:49:18.665 [info] > git check-ignore -v -z --stdin [40ms]
2026-05-09 11:49:18.738 [info] > git ls-files --stage -- myprac/ai/1/kadai3a/kadai3a.ino [44ms]
2026-05-09 11:49:18.743 [info] > git show --textconv :myprac/ai/1/kadai3a/kadai3a.ino [52ms]
2026-05-09 11:49:18.787 [info] > git cat-file -s f8e288bcbcaa97d9114abf18cf0b34a9cf2e2f3e [45ms]
2026-05-09 11:49:18.848 [info] > git blame --root --incremental 5a9a506325ea44c8ce3f27a3e5fd6e0272b1b7a2 -- myprac/ai/1/kadai3a/kadai3a.ino [51ms]
2026-05-09 11:50:33.091 [info] > git check-ignore -v -z --stdin [38ms]
2026-05-09 11:50:33.960 [info] > git check-ignore -v -z --stdin [39ms]
2026-05-09 11:53:31.256 [info] > git check-ignore -v -z --stdin [40ms]
2026-05-09 11:53:34.075 [info] > git check-ignore -v -z --stdin [40ms]
2026-05-09 11:53:34.860 [info] > git check-ignore -v -z --stdin [44ms]
2026-05-09 11:53:34.908 [info] > git ls-files --stage -- daemon/src/builder.cpp [39ms]
2026-05-09 11:53:34.913 [info] > git show --textconv :daemon/src/builder.cpp [47ms]
2026-05-09 11:53:34.955 [info] > git cat-file -s 9193b17acc523d7a05b3d43e9b93311baea69c58 [42ms]
2026-05-09 11:53:35.016 [info] > git blame --root --incremental 5a9a506325ea44c8ce3f27a3e5fd6e0272b1b7a2 -- daemon/src/builder.cpp [52ms]
2026-05-09 11:53:54.106 [info] > git check-ignore -v -z --stdin [41ms]
2026-05-09 11:53:54.154 [info] > git ls-files --stage -- daemon/src/daemon_main.cpp [39ms]
2026-05-09 11:53:54.158 [info] > git show --textconv :daemon/src/daemon_main.cpp [46ms]
2026-05-09 11:53:54.200 [info] > git cat-file -s 67ed168a223c0a3e03967513fa6b30b23538119a [42ms]
2026-05-09 11:53:55.471 [info] > git check-ignore -v -z --stdin [41ms]
2026-05-09 11:53:55.520 [info] > git ls-files --stage -- daemon/src/client_main.cpp [40ms]
2026-05-09 11:53:55.525 [info] > git show --textconv :daemon/src/client_main.cpp [47ms]
2026-05-09 11:53:55.570 [info] > git cat-file -s 6f8221f729f0454dd1328359ca30cf93835dd197 [45ms]
2026-05-09 11:53:55.642 [info] > git blame --root --incremental 5a9a506325ea44c8ce3f27a3e5fd6e0272b1b7a2 -- daemon/src/client_main.cpp [54ms]
2026-05-09 11:54:22.261 [info] > git check-ignore -v -z --stdin [40ms]
2026-05-09 11:54:27.669 [info] > git check-ignore -v -z --stdin [39ms]
2026-05-09 11:54:29.041 [info] > git config --get commit.template [42ms]
2026-05-09 11:54:29.046 [info] > git for-each-ref --format=%(refname)%00%(upstream:short)%00%(objectname)%00%(upstream:track)%00%(upstream:remotename)%00%(upstream:remoteref) --ignore-case refs/heads/main refs/remotes/main [43ms]
2026-05-09 11:54:29.095 [info] > git for-each-ref --sort -committerdate --format %(refname)%00%(objectname)%00%(*objectname) [43ms]
2026-05-09 11:54:29.149 [info] > git status -z -uall [99ms]
2026-05-09 11:54:29.507 [info] > git check-ignore -v -z --stdin [48ms]
2026-05-09 12:01:10.231 [info] > git check-ignore -v -z --stdin [42ms]
2026-05-09 12:01:10.281 [info] > git ls-files --stage -- daemon/src/daemon_main.cpp [43ms]
2026-05-09 12:01:10.285 [info] > git show --textconv :daemon/src/daemon_main.cpp [48ms]
2026-05-09 12:01:10.326 [info] > git cat-file -s 67ed168a223c0a3e03967513fa6b30b23538119a [42ms]
2026-05-09 12:01:11.054 [info] > git check-ignore -v -z --stdin [44ms]
2026-05-09 12:01:11.102 [info] > git ls-files --stage -- daemon/src/builder.cpp [41ms]
2026-05-09 12:01:11.106 [info] > git show --textconv :daemon/src/builder.cpp [48ms]
2026-05-09 12:01:11.148 [info] > git cat-file -s 9193b17acc523d7a05b3d43e9b93311baea69c58 [43ms]
2026-05-09 12:01:12.194 [info] > git check-ignore -v -z --stdin [46ms]
2026-05-09 12:01:12.242 [info] > git ls-files --stage -- myprac/ai/1/kadai3a/kadai3a.ino [41ms]
2026-05-09 12:01:12.245 [info] > git show --textconv :myprac/ai/1/kadai3a/kadai3a.ino [47ms]
2026-05-09 12:01:12.287 [info] > git cat-file -s f8e288bcbcaa97d9114abf18cf0b34a9cf2e2f3e [42ms]
