2026-05-04 17:35:00.331 [info] [main] ログ レベル: Info
2026-05-04 17:35:00.331 [info] [main] Git の検証が検出されました: "C:\Program Files\Git\cmd\git.exe"
2026-05-04 17:35:00.331 [info] [main] "C:\Program Files\Git\cmd\git.exe" から Git "2.53.0.windows.2" を使用しています
2026-05-04 17:35:00.331 [info] [Model][doInitialScan] Initial repository scan started
2026-05-04 17:35:00.339 [info] > git rev-parse --show-toplevel [122ms]
2026-05-04 17:35:00.339 [info] fatal: not a git repository (or any of the parent directories): .git
2026-05-04 17:35:00.398 [info] > git rev-parse --show-toplevel [44ms]
2026-05-04 17:35:00.398 [info] fatal: not a git repository (or any of the parent directories): .git
2026-05-04 17:35:00.457 [info] > git rev-parse --show-toplevel [48ms]
2026-05-04 17:35:00.458 [info] fatal: not a git repository (or any of the parent directories): .git
2026-05-04 17:35:00.504 [info] > git rev-parse --show-toplevel [43ms]
2026-05-04 17:35:00.504 [info] fatal: not a git repository (or any of the parent directories): .git
2026-05-04 17:35:00.752 [info] > git rev-parse --show-toplevel [245ms]
2026-05-04 17:35:00.753 [info] fatal: not a git repository (or any of the parent directories): .git
2026-05-04 17:35:00.798 [info] > git rev-parse --show-toplevel [41ms]
2026-05-04 17:35:00.798 [info] fatal: not a git repository (or any of the parent directories): .git
2026-05-04 17:35:00.800 [info] [Model][doInitialScan] Initial repository scan completed - repositories (0), closed repositories (0), parent repositories (0), unsafe repositories (0)
2026-05-04 17:35:01.140 [info] > git rev-parse --show-toplevel [48ms]
2026-05-04 17:35:01.140 [info] fatal: not a git repository (or any of the parent directories): .git
2026-05-04 17:35:05.189 [info] > git rev-parse --show-toplevel [42ms]
2026-05-04 17:35:05.189 [info] fatal: not a git repository (or any of the parent directories): .git
2026-05-04 17:35:07.667 [info] > git rev-parse --show-toplevel [43ms]
2026-05-04 17:35:07.668 [info] fatal: not a git repository (or any of the parent directories): .git
2026-05-04 17:36:01.225 [info] > git rev-parse --show-toplevel [42ms]
2026-05-04 17:36:01.226 [info] fatal: not a git repository (or any of the parent directories): .git
2026-05-04 17:36:02.908 [info] > git rev-parse --show-toplevel [45ms]
2026-05-04 17:36:02.908 [info] fatal: not a git repository (or any of the parent directories): .git
2026-05-04 17:36:13.095 [info] > git rev-parse --show-toplevel [41ms]
2026-05-04 17:36:13.095 [info] fatal: not a git repository (or any of the parent directories): .git
2026-05-04 17:36:19.458 [info] > git rev-parse --show-toplevel [40ms]
2026-05-04 17:36:19.458 [info] fatal: not a git repository (or any of the parent directories): .git
2026-05-04 17:36:20.114 [info] > git rev-parse --show-toplevel [40ms]
2026-05-04 17:36:20.114 [info] fatal: not a git repository (or any of the parent directories): .git
2026-05-04 17:36:23.270 [info] > git rev-parse --show-toplevel [42ms]
2026-05-04 17:36:23.270 [info] fatal: not a git repository (or any of the parent directories): .git
2026-05-04 17:36:23.979 [info] > git rev-parse --show-toplevel [42ms]
2026-05-04 17:36:23.980 [info] fatal: not a git repository (or any of the parent directories): .git
2026-05-04 17:36:25.194 [info] > git rev-parse --show-toplevel [43ms]
2026-05-04 17:36:25.194 [info] fatal: not a git repository (or any of the parent directories): .git
2026-05-04 17:36:42.465 [info] > git rev-parse --show-toplevel [43ms]
2026-05-04 17:36:42.465 [info] fatal: not a git repository (or any of the parent directories): .git
2026-05-04 17:36:49.473 [info] > git rev-parse --show-toplevel [40ms]
2026-05-04 17:36:49.473 [info] fatal: not a git repository (or any of the parent directories): .git
