2026-05-04 17:35:01.086 [info] Configuration changed
2026-05-04 17:35:05.143 [info] Active editor: file:///c%3A/Users/ao/Desktop/monokon_release/VSCode-win32-x64-1.118.1/data/keybindings.json
2026-05-04 17:35:07.620 [info] Active editor: file:///c%3A/Users/ao/Desktop/monokon_release/sample/kadai1/kadai1.ino
2026-05-04 17:35:32.495 [info] c:\Users\ao\Desktop\monokon_release\VSCode-win32-x64-1.118.1\data\user-data\User\keybindings.json closed
2026-05-04 17:35:36.703 [info] c:\Users\ao\Desktop\monokon_release\VSCode-win32-x64-1.118.1\data\user-data\User\keybindings.json closed
2026-05-04 17:35:39.078 [info] c:\Users\ao\Desktop\monokon_release\VSCode-win32-x64-1.118.1\data\user-data\User\keybindings.json closed
2026-05-04 17:35:40.198 [info] c:\Users\ao\Desktop\monokon_release\VSCode-win32-x64-1.118.1\data\user-data\User\keybindings.json closed
2026-05-04 17:35:41.178 [info] c:\Users\ao\Desktop\monokon_release\VSCode-win32-x64-1.118.1\data\user-data\User\keybindings.json closed
2026-05-04 17:35:42.536 [info] c:\Users\ao\Desktop\monokon_release\VSCode-win32-x64-1.118.1\data\user-data\User\keybindings.json closed
2026-05-04 17:35:44.650 [info] c:\Users\ao\Desktop\monokon_release\VSCode-win32-x64-1.118.1\data\user-data\User\keybindings.json closed
2026-05-04 17:35:46.171 [info] c:\Users\ao\Desktop\monokon_release\VSCode-win32-x64-1.118.1\data\user-data\User\keybindings.json closed
2026-05-04 17:35:56.894 [info] Active editor: file:///c%3A/Users/ao/Desktop/monokon_release/sample/kadai1/kadai1.ino
2026-05-04 17:36:01.179 [info] Active editor: file:///c%3A/Users/ao/Desktop/monokon_release/VSCode-win32-x64-1.118.1/data/keybindings.json
2026-05-04 17:36:02.858 [info] Active editor: file:///c%3A/Users/ao/Desktop/monokon_release/sample/kadai1/kadai1.ino
2026-05-04 17:36:13.030 [info] Active editor: file:///c%3A/Users/ao/Desktop/monokon_release/sample/kadai1/kadai1.ino
2026-05-04 17:36:13.054 [info] Active editor: vscode-userdata:/c%3A/Users/ao/Desktop/monokon_release/VSCode-win32-x64-1.118.1/data/user-data/User/keybindings.json
2026-05-04 17:36:19.415 [info] Active editor: file:///c%3A/Users/ao/Desktop/monokon_release/sample/kadai1/kadai1.ino
2026-05-04 17:36:19.428 [info] c:\Users\ao\Desktop\monokon_release\VSCode-win32-x64-1.118.1\data\user-data\User\keybindings.json closed
2026-05-04 17:36:20.069 [info] Active editor: file:///c%3A/Users/ao/Desktop/monokon_release/VSCode-win32-x64-1.118.1/data/keybindings.json
2026-05-04 17:36:23.220 [info] c:\Users\ao\Desktop\monokon_release\VSCode-win32-x64-1.118.1\data\keybindings.json closed
2026-05-04 17:36:23.225 [info] Active editor: file:///c%3A/Users/ao/Desktop/monokon_release/sample/kadai1/kadai1.ino
2026-05-04 17:36:23.933 [info] Active editor: file:///c%3A/Users/ao/Desktop/monokon_release/VSCode-win32-x64-1.118.1/data/keybindings.json
2026-05-04 17:36:25.144 [info] c:\Users\ao\Desktop\monokon_release\VSCode-win32-x64-1.118.1\data\keybindings.json closed
2026-05-04 17:36:25.148 [info] Active editor: file:///c%3A/Users/ao/Desktop/monokon_release/sample/kadai1/kadai1.ino
2026-05-04 17:36:29.970 [info] Active editor: file:///c%3A/Users/ao/Desktop/monokon_release/sample/kadai1/kadai1.ino
2026-05-04 17:36:42.401 [info] Active editor: file:///c%3A/Users/ao/Desktop/monokon_release/sample/kadai1/kadai1.ino
2026-05-04 17:36:42.423 [info] Active editor: vscode-userdata:/c%3A/Users/ao/Desktop/monokon_release/VSCode-win32-x64-1.118.1/data/user-data/User/keybindings.json
2026-05-04 17:36:49.429 [info] Active editor: file:///c%3A/Users/ao/Desktop/monokon_release/sample/kadai1/kadai1.ino
2026-05-04 17:36:49.444 [info] c:\Users\ao\Desktop\monokon_release\VSCode-win32-x64-1.118.1\data\user-data\User\keybindings.json closed
