2026-05-04 17:27:11.564 [info] [main] ログ レベル: Info
2026-05-04 17:27:11.564 [info] [main] Git の検証が検出されました: "C:\Program Files\Git\cmd\git.exe"
2026-05-04 17:27:11.564 [info] [main] "C:\Program Files\Git\cmd\git.exe" から Git "2.53.0.windows.2" を使用しています
2026-05-04 17:27:11.564 [info] [Model][doInitialScan] Initial repository scan started
2026-05-04 17:27:11.564 [info] > git rev-parse --show-toplevel [120ms]
2026-05-04 17:27:11.564 [info] fatal: not a git repository (or any of the parent directories): .git
2026-05-04 17:27:11.613 [info] > git rev-parse --show-toplevel [45ms]
2026-05-04 17:27:11.613 [info] fatal: not a git repository (or any of the parent directories): .git
2026-05-04 17:27:11.614 [info] [Model][doInitialScan] Initial repository scan completed - repositories (0), closed repositories (0), parent repositories (0), unsafe repositories (0)
2026-05-04 17:27:12.786 [info] > git rev-parse --show-toplevel [47ms]
2026-05-04 17:27:12.786 [info] fatal: not a git repository (or any of the parent directories): .git
2026-05-04 17:28:45.723 [info] > git rev-parse --show-toplevel [2676ms]
2026-05-04 17:28:45.723 [info] fatal: not a git repository (or any of the parent directories): .git
2026-05-04 17:29:22.306 [info] > git rev-parse --show-toplevel [47ms]
2026-05-04 17:29:22.306 [info] fatal: not a git repository (or any of the parent directories): .git
2026-05-04 17:29:25.660 [info] > git rev-parse --show-toplevel [89ms]
2026-05-04 17:29:25.661 [info] fatal: not a git repository (or any of the parent directories): .git
2026-05-04 17:29:34.804 [info] > git rev-parse --show-toplevel [44ms]
2026-05-04 17:29:34.873 [info] > git rev-parse --git-dir --git-common-dir --show-superproject-working-tree [65ms]
2026-05-04 17:29:34.895 [info] [Model][openRepository] Opened repository (path): c:\Users\ao\Desktop\monokon_release\daemon\build\_deps\nlohmann_json-src
2026-05-04 17:29:34.895 [info] [Model][openRepository] Opened repository (real path): c:\Users\ao\Desktop\monokon_release\daemon\build\_deps\nlohmann_json-src
2026-05-04 17:29:34.895 [info] [Model][openRepository] Opened repository (kind): repository
2026-05-04 17:29:34.961 [info] > git config --get --local core.virtualfilesystem [58ms]
2026-05-04 17:29:34.961 [warning] [Git][config] git config failed: Failed to execute git
2026-05-04 17:29:34.962 [info] > git config --get commit.template [55ms]
2026-05-04 17:29:34.971 [info] > git for-each-ref --format %(refname)%00%(objectname)%00%(*objectname) refs/tags [55ms]
2026-05-04 17:29:35.034 [info] > git for-each-ref --sort -committerdate --format %(refname)%00%(objectname)%00%(*objectname) [51ms]
2026-05-04 17:29:35.146 [info] > git status -z -uall [169ms]
2026-05-04 17:29:35.195 [info] > git rev-parse --show-toplevel [50ms]
2026-05-04 17:29:35.195 [info] fatal: not a git repository (or any of the parent directories): .git
2026-05-04 17:29:35.240 [info] > git config --get commit.template [59ms]
2026-05-04 17:29:35.245 [info] > git for-each-ref --format %(refname)%00%(objectname)%00%(*objectname) refs/tags [59ms]
2026-05-04 17:29:35.306 [info] > git for-each-ref --sort -committerdate --format %(refname)%00%(objectname)%00%(*objectname) [54ms]
2026-05-04 17:29:35.468 [info] > git status -z -uall [220ms]
2026-05-04 17:29:35.510 [info] > git fetch [615ms]
2026-05-04 17:29:35.564 [info] > git config --get commit.template [50ms]
2026-05-04 17:29:35.567 [info] > git for-each-ref --format %(refname)%00%(objectname)%00%(*objectname) refs/tags [49ms]
2026-05-04 17:29:35.624 [info] > git for-each-ref --sort -committerdate --format %(refname)%00%(objectname)%00%(*objectname) [50ms]
2026-05-04 17:29:35.820 [info] > git status -z -uall [250ms]
2026-05-04 17:29:37.059 [info] > git config --get commit.template [42ms]
2026-05-04 17:29:37.061 [info] > git for-each-ref --format %(refname)%00%(objectname)%00%(*objectname) refs/tags [41ms]
2026-05-04 17:29:37.112 [info] > git for-each-ref --sort -committerdate --format %(refname)%00%(objectname)%00%(*objectname) [45ms]
2026-05-04 17:29:37.289 [info] > git status -z -uall [225ms]
2026-05-04 17:29:50.413 [info] > git rev-parse --show-toplevel [44ms]
2026-05-04 17:29:50.414 [info] fatal: not a git repository (or any of the parent directories): .git
2026-05-04 17:29:51.120 [info] > git rev-parse --show-toplevel [42ms]
2026-05-04 17:29:51.120 [info] fatal: not a git repository (or any of the parent directories): .git
2026-05-04 17:32:36.405 [info] > git fetch [576ms]
2026-05-04 17:32:36.446 [info] > git config --get commit.template [38ms]
2026-05-04 17:32:36.449 [info] > git for-each-ref --format %(refname)%00%(objectname)%00%(*objectname) refs/tags [37ms]
2026-05-04 17:32:36.493 [info] > git for-each-ref --sort -committerdate --format %(refname)%00%(objectname)%00%(*objectname) [39ms]
2026-05-04 17:32:36.669 [info] > git status -z -uall [217ms]
2026-05-04 17:32:43.967 [info] > git rev-parse --show-toplevel [43ms]
2026-05-04 17:32:43.967 [info] fatal: not a git repository (or any of the parent directories): .git
2026-05-04 17:33:47.608 [info] > git rev-parse --show-toplevel [42ms]
2026-05-04 17:33:47.608 [info] fatal: not a git repository (or any of the parent directories): .git
2026-05-04 17:34:27.619 [info] > git rev-parse --show-toplevel [43ms]
2026-05-04 17:34:27.619 [info] fatal: not a git repository (or any of the parent directories): .git
2026-05-04 17:34:29.706 [info] > git rev-parse --show-toplevel [45ms]
2026-05-04 17:34:29.706 [info] fatal: not a git repository (or any of the parent directories): .git
2026-05-04 17:34:31.828 [info] > git rev-parse --show-toplevel [44ms]
2026-05-04 17:34:31.828 [info] fatal: not a git repository (or any of the parent directories): .git
2026-05-04 17:34:33.597 [info] > git rev-parse --show-toplevel [42ms]
2026-05-04 17:34:33.597 [info] fatal: not a git repository (or any of the parent directories): .git
