2026-05-09 12:07:12.167 [info] l10n: Configured to file:///c%3A/Users/ao/Desktop/monokon_vscode/monokon/vscode/data/extensions/ms-ceintl.vscode-language-pack-ja-1.118.2026050120/translations/extensions/vscode.json-language-features.i18n.json
2026-05-09 12:07:12.382 [info] read schema from vscode: vscode://schemas/snippets
2026-05-09 12:07:13.290 [info] read schema from vscode: vscode://schemas/snippets
2026-05-09 12:07:13.294 [info] read schema from vscode: vscode://schemas/snippets
2026-05-09 12:07:13.318 [info] read schema from vscode: vscode://schemas/snippets
2026-05-09 12:09:05.231 [info] read schema from vscode: vscode://schemas/settings/user
2026-05-09 12:09:05.392 [info] read schema from vscode: vscode://schemas/settings/resourceLanguage
2026-05-09 12:09:05.393 [info] read schema from vscode: vscode://schemas/ignoredSettings
2026-05-09 12:09:05.398 [info] read schema from vscode: vscode://schemas/launch
2026-05-09 12:09:05.401 [info] read schema from vscode: vscode://schemas/token-styling
2026-05-09 12:09:05.402 [info] read schema from vscode: vscode://schemas/textmate-colors
2026-05-09 12:09:05.402 [info] read schema from vscode: vscode://schemas/workbench-colors
2026-05-09 12:09:10.573 [info] schema change detected vscode://schemas/launch
2026-05-09 12:09:10.575 [info] read schema from vscode: vscode://schemas/settings/user
2026-05-09 12:09:10.645 [info] read schema from vscode: vscode://schemas/launch
2026-05-09 12:10:32.329 [info] schema change detected vscode://schemas/settings/resourceLanguage
2026-05-09 12:10:32.331 [info] read schema from vscode: vscode://schemas/settings/user
2026-05-09 12:10:32.340 [info] schema change detected vscode://schemas/ignoredSettings
2026-05-09 12:10:32.427 [info] read schema from vscode: vscode://schemas/settings/resourceLanguage
2026-05-09 12:10:32.427 [info] read schema from vscode: vscode://schemas/ignoredSettings
2026-05-09 12:10:32.452 [info] schema change detected vscode://schemas/settings/user
2026-05-09 12:10:32.509 [info] read schema from vscode: vscode://schemas/settings/user
2026-05-09 12:10:34.312 [info] schema change detected vscode://schemas/settings/resourceLanguage
2026-05-09 12:10:34.314 [info] read schema from vscode: vscode://schemas/settings/user
2026-05-09 12:10:34.322 [info] schema change detected vscode://schemas/ignoredSettings
2026-05-09 12:10:34.410 [info] read schema from vscode: vscode://schemas/settings/resourceLanguage
2026-05-09 12:10:34.411 [info] read schema from vscode: vscode://schemas/ignoredSettings
2026-05-09 12:10:34.417 [info] schema change detected vscode://schemas/settings/user
2026-05-09 12:10:34.476 [info] read schema from vscode: vscode://schemas/settings/user
2026-05-09 12:10:37.403 [info] schema change detected vscode://schemas/settings/resourceLanguage
2026-05-09 12:10:37.404 [info] read schema from vscode: vscode://schemas/settings/user
2026-05-09 12:10:37.411 [info] schema change detected vscode://schemas/ignoredSettings
2026-05-09 12:10:37.471 [info] read schema from vscode: vscode://schemas/settings/resourceLanguage
2026-05-09 12:10:37.471 [info] read schema from vscode: vscode://schemas/ignoredSettings
2026-05-09 12:10:37.481 [info] schema change detected vscode://schemas/settings/user
2026-05-09 12:10:37.547 [info] read schema from vscode: vscode://schemas/settings/user
2026-05-09 12:11:16.406 [info] schema change detected vscode://schemas/settings/resourceLanguage
2026-05-09 12:11:16.408 [info] read schema from vscode: vscode://schemas/settings/user
2026-05-09 12:11:16.414 [info] schema change detected vscode://schemas/ignoredSettings
2026-05-09 12:11:16.512 [info] read schema from vscode: vscode://schemas/settings/resourceLanguage
2026-05-09 12:11:16.513 [info] read schema from vscode: vscode://schemas/ignoredSettings
2026-05-09 12:11:16.572 [info] schema change detected vscode://schemas/settings/user
2026-05-09 12:11:16.623 [info] read schema from vscode: vscode://schemas/settings/user
2026-05-09 12:11:27.818 [info] schema change detected vscode://schemas/settings/resourceLanguage
2026-05-09 12:11:27.819 [info] read schema from vscode: vscode://schemas/settings/user
2026-05-09 12:11:27.826 [info] schema change detected vscode://schemas/ignoredSettings
2026-05-09 12:11:27.917 [info] read schema from vscode: vscode://schemas/settings/resourceLanguage
2026-05-09 12:11:27.917 [info] read schema from vscode: vscode://schemas/ignoredSettings
2026-05-09 12:11:27.922 [info] schema change detected vscode://schemas/settings/user
2026-05-09 12:11:27.983 [info] read schema from vscode: vscode://schemas/settings/user
2026-05-09 12:11:29.820 [info] schema change detected vscode://schemas/settings/resourceLanguage
2026-05-09 12:11:29.822 [info] read schema from vscode: vscode://schemas/settings/user
2026-05-09 12:11:29.830 [info] schema change detected vscode://schemas/ignoredSettings
2026-05-09 12:11:29.889 [info] read schema from vscode: vscode://schemas/settings/resourceLanguage
2026-05-09 12:11:29.890 [info] read schema from vscode: vscode://schemas/ignoredSettings
2026-05-09 12:11:29.896 [info] schema change detected vscode://schemas/settings/user
2026-05-09 12:11:29.965 [info] read schema from vscode: vscode://schemas/settings/user
