2026-05-04 17:45:36.686 [info] Extension host with pid 26320 started
2026-05-04 17:45:36.686 [info] Skipping acquiring lock for c:\Users\ao\Desktop\monokon_release\VSCode-win32-x64-1.118.1\data\user-data\User\workspaceStorage\e97a9b6982f267a4509df557fac89ea2.
2026-05-04 17:45:36.784 [info] ExtensionService#_doActivateExtension vscode.github-authentication, startup: false, activationEvent: 'onAuthenticationRequest:github'
2026-05-04 17:45:36.785 [info] ExtensionService#_doActivateExtension vscode.emmet, startup: false, activationEvent: 'onLanguage'
2026-05-04 17:45:36.914 [info] ExtensionService#_doActivateExtension vscode.git-base, startup: true, activationEvent: '*', root cause: vscode.git
2026-05-04 17:45:36.914 [info] ExtensionService#_doActivateExtension oderwat.indent-rainbow, startup: true, activationEvent: '*'
2026-05-04 17:45:36.917 [info] ExtensionService#_doActivateExtension ms-vscode.cpptools, startup: true, activationEvent: 'workspaceContains:/.vscode/c_cpp_properties.json'
2026-05-04 17:45:37.122 [info] ExtensionService#_doActivateExtension vscode.git, startup: true, activationEvent: '*'
2026-05-04 17:45:37.123 [info] ExtensionService#_doActivateExtension vscode.github, startup: true, activationEvent: '*'
2026-05-04 17:45:37.589 [info] ExtensionService#_doActivateExtension vscode.configuration-editing, startup: false, activationEvent: 'onLanguage:json'
2026-05-04 17:45:37.589 [info] ExtensionService#_doActivateExtension vscode.extension-editing, startup: false, activationEvent: 'onLanguage:json'
2026-05-04 17:45:37.590 [info] ExtensionService#_doActivateExtension vscode.json-language-features, startup: false, activationEvent: 'onLanguage:json'
2026-05-04 17:45:37.590 [info] ExtensionService#_doActivateExtension vscode.npm, startup: false, activationEvent: 'onLanguage:json'
2026-05-04 17:45:37.603 [info] ExtensionService#_doActivateExtension vscode.typescript-language-features, startup: false, activationEvent: 'onLanguage:jsonc'
2026-05-04 17:45:38.817 [info] Eager extensions activated
2026-05-04 17:45:38.849 [info] ExtensionService#_doActivateExtension vscode.debug-auto-launch, startup: false, activationEvent: 'onStartupFinished'
2026-05-04 17:45:38.849 [info] ExtensionService#_doActivateExtension vscode.merge-conflict, startup: false, activationEvent: 'onStartupFinished'
2026-05-04 17:45:38.850 [info] ExtensionService#_doActivateExtension vscode-icons-team.vscode-icons, startup: false, activationEvent: 'onStartupFinished'
2026-05-04 17:45:38.872 [info] ExtensionService#_doActivateExtension vscodevim.vim, startup: false, activationEvent: 'onStartupFinished'
2026-05-04 17:45:39.972 [error] Error: ENOENT: no such file or directory, open 'c:\Users\ao\Desktop\monokon_release\VSCode-win32-x64-1.118.1\data\user-data\User\globalStorage\vscodevim.vim\.registers'
2026-05-04 17:45:43.193 [info] Extension host terminating: received terminate message from renderer
2026-05-04 17:45:43.212 [error] Error: ENOENT: no such file or directory, open 'c:\Users\ao\Desktop\monokon_release\VSCode-win32-x64-1.118.1\data\user-data\User\globalStorage\vscodevim.vim\.registers'
2026-05-04 17:45:43.227 [error] Error: Channel has been closed
	at r (file:///c:/Users/ao/Desktop/monokon_release/VSCode-win32-x64-1.118.1/034f571df5/resources/app/out/vs/workbench/api/node/extensionHostProcess.js:510:3935)
	at Object.info (file:///c:/Users/ao/Desktop/monokon_release/VSCode-win32-x64-1.118.1/034f571df5/resources/app/out/vs/workbench/api/node/extensionHostProcess.js:510:4305)
	at WT.info (c:\Users\ao\Desktop\monokon_release\VSCode-win32-x64-1.118.1\034f571df5\resources\app\extensions\json-language-features\client\dist\node\jsonClientMain.js:14:709)
	at ChildProcess.<anonymous> (c:\Users\ao\Desktop\monokon_release\VSCode-win32-x64-1.118.1\034f571df5\resources\app\extensions\json-language-features\client\dist\node\jsonClientMain.js:19:48759)
	at ChildProcess.emit (node:events:519:28)
	at ChildProcess._handle.onexit (node:internal/child_process:293:12)
2026-05-04 17:45:43.253 [info] Extension host with pid 26320 exiting with code 0
