2026-05-09 12:19:56.298 [info] StorageMainService: creating application shared storage
2026-05-09 12:19:56.298 [info] StorageMainService: creating application shared storage with local application storage fallback
2026-05-09 12:19:56.298 [info] CrossAppIPCService: connecting to peer
2026-05-09 12:19:56.373 [info] [shared storage] Creating shared storage database at 'c:\Users\ao\Desktop\monokon_vscode\monokon\vscode\data\shared-data\sharedStorage\state.vscdb' (wasCreated: false)
2026-05-09 12:19:56.373 [info] [shared storage] Initializing fallback application storage (type: local, path: c:\Users\ao\Desktop\monokon_vscode\monokon\vscode\data\user-data\User\globalStorage\state.vscdb)
2026-05-09 12:19:56.430 [info] [shared storage] Fallback application storage initialized with 109 items
2026-05-09 12:19:56.434 [info] update#setState idle
2026-05-09 12:20:26.451 [info] update#setState checking for updates
2026-05-09 12:20:26.532 [info] update#setState idle
2026-05-09 12:21:53.657 [info] Extension host with pid 28320 exited with code: 0, signal: unknown.
2026-05-09 12:23:01.213 [info] Extension host with pid 16224 exited with code: 0, signal: unknown.
2026-05-09 12:28:26.295 [info] Extension host with pid 10612 exited with code: 0, signal: unknown.
2026-05-09 12:28:33.555 [warning] [perf] profiling STARTED b66b9e85-acbe-4b97-abe0-6195466b37d3
2026-05-09 12:28:38.589 [warning] [perf] profiling DONE b66b9e85-acbe-4b97-abe0-6195466b37d3
2026-05-09 12:28:38.841 [warning] [perf] profiling STARTED b66b9e85-acbe-4b97-abe0-6195466b37d3
2026-05-09 12:28:43.867 [warning] [perf] profiling DONE b66b9e85-acbe-4b97-abe0-6195466b37d3
2026-05-09 12:28:44.080 [warning] [perf] profiling STARTED b66b9e85-acbe-4b97-abe0-6195466b37d3
2026-05-09 12:28:49.108 [warning] [perf] profiling DONE b66b9e85-acbe-4b97-abe0-6195466b37d3
2026-05-09 12:29:11.299 [warning] [perf] profiling STARTED 32fdc62f-89ea-4d26-bbd4-1b6e05ef9b56
2026-05-09 12:29:16.325 [warning] [perf] profiling DONE 32fdc62f-89ea-4d26-bbd4-1b6e05ef9b56
2026-05-09 12:29:16.545 [warning] [perf] profiling STARTED 32fdc62f-89ea-4d26-bbd4-1b6e05ef9b56
2026-05-09 12:29:21.581 [warning] [perf] profiling DONE 32fdc62f-89ea-4d26-bbd4-1b6e05ef9b56
2026-05-09 12:29:21.828 [warning] [perf] profiling STARTED 32fdc62f-89ea-4d26-bbd4-1b6e05ef9b56
2026-05-09 12:29:26.859 [warning] [perf] profiling DONE 32fdc62f-89ea-4d26-bbd4-1b6e05ef9b56
2026-05-09 12:30:02.524 [info] Extension host with pid 16320 exited with code: 0, signal: unknown.
