2026-05-04 17:36:56.181 [info] Configuration changed
2026-05-04 17:36:56.454 [info] Active editor: file:///c%3A/Users/ao/Desktop/monokon_release/VSCode-win32-x64-1.118.1/data/keybindings.json
2026-05-04 17:37:07.406 [info] Active editor: file:///c%3A/Users/ao/Desktop/monokon_release/.vscode/tasks.json
2026-05-04 17:37:08.049 [info] Active editor: file:///c%3A/Users/ao/Desktop/monokon_release/sample/kadai1/mono_con.h
2026-05-04 17:37:08.332 [info] Active editor: file:///c%3A/Users/ao/Desktop/monokon_release/VSCode-win32-x64-1.118.1/data/keybindings.json
2026-05-04 17:37:08.663 [info] Active editor: file:///c%3A/Users/ao/Desktop/monokon_release/sample/kadai1/kadai1.ino
2026-05-04 17:37:13.969 [info] Active editor: file:///c%3A/Users/ao/Desktop/monokon_release/.vscode/tasks.json
2026-05-04 17:37:15.405 [info] Active editor: file:///c%3A/Users/ao/Desktop/monokon_release/VSCode-win32-x64-1.118.1/data/keybindings.json
2026-05-04 17:37:15.767 [info] Active editor: file:///c%3A/Users/ao/Desktop/monokon_release/sample/kadai1/mono_con.h
2026-05-04 17:37:17.120 [info] Configuration changed
2026-05-04 17:37:19.894 [info] Active editor: file:///c%3A/Users/ao/Desktop/monokon_release/sample/kadai1/kadai1.ino
2026-05-04 17:37:37.045 [info] c:\Users\ao\Desktop\monokon_release\VSCode-win32-x64-1.118.1\data\user-data\User\keybindings.json closed
2026-05-04 17:37:37.045 [info] Active editor: file:///c%3A/Users/ao/Desktop/monokon_release/sample/kadai1/kadai1.ino
2026-05-04 17:37:38.979 [info] Active editor: file:///c%3A/Users/ao/Desktop/monokon_release/sample/kadai1/kadai1.ino
2026-05-04 17:37:39.817 [info] Active editor: file:///c%3A/Users/ao/Desktop/monokon_release/VSCode-win32-x64-1.118.1/data/keybindings.json
2026-05-04 17:37:48.624 [info] Active editor: file:///c%3A/Users/ao/Desktop/monokon_release/VSCode-win32-x64-1.118.1/data/keybindings.json
2026-05-04 17:37:48.648 [info] Active editor: vscode-userdata:/c%3A/Users/ao/Desktop/monokon_release/VSCode-win32-x64-1.118.1/data/user-data/User/keybindings.json
2026-05-04 17:37:53.697 [info] Active editor: file:///c%3A/Users/ao/Desktop/monokon_release/VSCode-win32-x64-1.118.1/data/keybindings.json
2026-05-04 17:37:53.710 [info] c:\Users\ao\Desktop\monokon_release\VSCode-win32-x64-1.118.1\data\user-data\User\keybindings.json closed
2026-05-04 17:37:59.220 [info] c:\Users\ao\Desktop\monokon_release\VSCode-win32-x64-1.118.1\data\keybindings.json closed
2026-05-04 17:37:59.224 [info] Active editor: file:///c%3A/Users/ao/Desktop/monokon_release/sample/kadai1/kadai1.ino
