2026-05-04 17:38:06.609 [info] [main] ログ レベル: Info
2026-05-04 17:38:06.609 [info] [main] Git の検証が検出されました: "C:\Program Files\Git\cmd\git.exe"
2026-05-04 17:38:06.609 [info] [main] "C:\Program Files\Git\cmd\git.exe" から Git "2.53.0.windows.2" を使用しています
2026-05-04 17:38:06.609 [info] [Model][doInitialScan] Initial repository scan started
2026-05-04 17:38:06.612 [info] > git rev-parse --show-toplevel [171ms]
2026-05-04 17:38:06.612 [info] fatal: not a git repository (or any of the parent directories): .git
2026-05-04 17:38:06.697 [info] > git rev-parse --show-toplevel [56ms]
2026-05-04 17:38:06.697 [info] fatal: not a git repository (or any of the parent directories): .git
2026-05-04 17:38:06.751 [info] > git rev-parse --show-toplevel [49ms]
2026-05-04 17:38:06.751 [info] fatal: not a git repository (or any of the parent directories): .git
2026-05-04 17:38:06.825 [info] > git rev-parse --show-toplevel [59ms]
2026-05-04 17:38:06.826 [info] fatal: not a git repository (or any of the parent directories): .git
2026-05-04 17:38:07.081 [info] > git rev-parse --show-toplevel [251ms]
2026-05-04 17:38:07.081 [info] fatal: not a git repository (or any of the parent directories): .git
2026-05-04 17:38:07.138 [info] > git rev-parse --show-toplevel [51ms]
2026-05-04 17:38:07.138 [info] fatal: not a git repository (or any of the parent directories): .git
2026-05-04 17:38:07.139 [info] [Model][doInitialScan] Initial repository scan completed - repositories (0), closed repositories (0), parent repositories (0), unsafe repositories (0)
2026-05-04 17:38:07.187 [info] > git rev-parse --show-toplevel [44ms]
2026-05-04 17:38:07.187 [info] fatal: not a git repository (or any of the parent directories): .git
2026-05-04 17:39:42.942 [info] > git rev-parse --show-toplevel [40ms]
2026-05-04 17:39:42.942 [info] fatal: not a git repository (or any of the parent directories): .git
2026-05-04 17:39:51.036 [info] > git rev-parse --show-toplevel [43ms]
2026-05-04 17:39:51.036 [info] fatal: not a git repository (or any of the parent directories): .git
2026-05-04 17:39:51.358 [info] > git rev-parse --show-toplevel [36ms]
2026-05-04 17:39:51.358 [info] fatal: not a git repository (or any of the parent directories): .git
2026-05-04 17:39:54.744 [info] > git rev-parse --show-toplevel [36ms]
2026-05-04 17:39:54.744 [info] fatal: not a git repository (or any of the parent directories): .git
2026-05-04 17:39:58.051 [info] > git rev-parse --show-toplevel [42ms]
2026-05-04 17:39:58.051 [info] fatal: not a git repository (or any of the parent directories): .git
2026-05-04 17:39:58.366 [info] > git rev-parse --show-toplevel [41ms]
2026-05-04 17:39:58.366 [info] fatal: not a git repository (or any of the parent directories): .git
2026-05-04 17:40:29.335 [info] > git rev-parse --show-toplevel [42ms]
2026-05-04 17:40:29.335 [info] fatal: not a git repository (or any of the parent directories): .git
2026-05-04 17:40:42.902 [info] > git rev-parse --show-toplevel [39ms]
2026-05-04 17:40:42.902 [info] fatal: not a git repository (or any of the parent directories): .git
2026-05-04 17:42:08.902 [info] > git rev-parse --show-toplevel [44ms]
2026-05-04 17:42:08.902 [info] fatal: not a git repository (or any of the parent directories): .git
2026-05-04 17:42:09.437 [info] > git rev-parse --show-toplevel [42ms]
2026-05-04 17:42:09.437 [info] fatal: not a git repository (or any of the parent directories): .git
2026-05-04 17:42:31.455 [info] > git rev-parse --show-toplevel [42ms]
2026-05-04 17:42:31.455 [info] fatal: not a git repository (or any of the parent directories): .git
