2026-05-09 12:19:59.459 [info] [main] ログ レベル: Info
2026-05-09 12:19:59.459 [info] [main] Git の検証が検出されました: "C:\Program Files\Git\cmd\git.exe"
2026-05-09 12:19:59.498 [info] [main] "C:\Program Files\Git\cmd\git.exe" から Git "2.53.0.windows.2" を使用しています
2026-05-09 12:19:59.498 [info] [Model][doInitialScan] Initial repository scan started
2026-05-09 12:19:59.613 [info] > git rev-parse --show-toplevel [104ms]
2026-05-09 12:19:59.750 [info] > git rev-parse --git-dir --git-common-dir --show-superproject-working-tree [71ms]
2026-05-09 12:19:59.762 [info] [Model][openRepository] Opened repository (path): c:\Users\ao\Desktop\monokon
2026-05-09 12:19:59.762 [info] [Model][openRepository] Opened repository (real path): c:\Users\ao\Desktop\monokon
2026-05-09 12:19:59.762 [info] [Model][openRepository] Opened repository (kind): repository
2026-05-09 12:19:59.829 [info] > git config --get --local core.virtualfilesystem [59ms]
2026-05-09 12:19:59.829 [warning] [Git][config] git config failed: Failed to execute git
2026-05-09 12:19:59.831 [info] > git config --get commit.template [56ms]
2026-05-09 12:19:59.839 [info] > git rev-parse --show-toplevel [59ms]
2026-05-09 12:19:59.853 [info] > git for-each-ref --format=%(refname)%00%(upstream:short)%00%(objectname)%00%(upstream:track)%00%(upstream:remotename)%00%(upstream:remoteref) --ignore-case refs/heads/main refs/remotes/main [68ms]
2026-05-09 12:20:00.194 [info] > git status -z -uall [334ms]
2026-05-09 12:20:00.194 [info] > git rev-parse --show-toplevel [351ms]
2026-05-09 12:20:00.195 [info] > git for-each-ref --sort -committerdate --format %(refname)%00%(objectname)%00%(*objectname) [329ms]
2026-05-09 12:20:00.290 [info] > git rev-parse --show-toplevel [65ms]
2026-05-09 12:20:00.296 [info] > git for-each-ref --format=%(refname)%00%(upstream:short)%00%(objectname)%00%(upstream:track)%00%(upstream:remotename)%00%(upstream:remoteref) --ignore-case refs/heads/main refs/remotes/main [78ms]
2026-05-09 12:20:00.318 [info] > git check-ignore -v -z --stdin [79ms]
2026-05-09 12:20:00.355 [info] > git rev-parse --show-toplevel [59ms]
2026-05-09 12:20:00.360 [info] > git config --get --local branch.main.vscode-merge-base [58ms]
2026-05-09 12:20:00.372 [info] > git check-ignore -v -z --stdin [62ms]
2026-05-09 12:20:00.410 [info] > git rev-parse --show-toplevel [50ms]
2026-05-09 12:20:00.415 [info] > git for-each-ref --format=%(refname)%00%(upstream:short)%00%(objectname)%00%(upstream:track)%00%(upstream:remotename)%00%(upstream:remoteref) --ignore-case refs/heads/origin/main refs/remotes/origin/main [49ms]
2026-05-09 12:20:00.458 [info] > git rev-parse --show-toplevel [45ms]
2026-05-09 12:20:00.467 [info] > git merge-base refs/heads/main refs/remotes/origin/main [47ms]
2026-05-09 12:20:00.505 [info] > git rev-parse --show-toplevel [44ms]
2026-05-09 12:20:00.520 [info] > git diff --raw --numstat --diff-filter=ADMR -z --find-renames=50% 5a9a506325ea44c8ce3f27a3e5fd6e0272b1b7a2...refs/remotes/origin/main -- [48ms]
2026-05-09 12:20:00.551 [info] > git rev-parse --show-toplevel [42ms]
2026-05-09 12:20:00.600 [info] > git rev-parse --show-toplevel [45ms]
2026-05-09 12:20:00.653 [info] > git rev-parse --show-toplevel [48ms]
2026-05-09 12:20:00.699 [info] > git rev-parse --show-toplevel [43ms]
2026-05-09 12:20:00.701 [info] [Model][doInitialScan] Initial repository scan completed - repositories (1), closed repositories (0), parent repositories (0), unsafe repositories (0)
2026-05-09 12:20:00.753 [info] > git show --textconv :myprac/ai/1/kadai2b/kadai2b.ino [47ms]
2026-05-09 12:20:00.755 [info] > git ls-files --stage -- myprac/ai/1/kadai2b/kadai2b.ino [45ms]
2026-05-09 12:20:00.802 [info] > git cat-file -s eb4d88bec8dbf98f88ed368f7a479d4c8a3a908b [44ms]
2026-05-09 12:20:00.859 [info] > git check-ignore -v -z --stdin [43ms]
2026-05-09 12:20:00.875 [info] > git blame --root --incremental 5a9a506325ea44c8ce3f27a3e5fd6e0272b1b7a2 -- myprac/ai/1/kadai2b/kadai2b.ino [53ms]
